  dropper.c
C:\Users\lamachin3\Projets\Droppy\dropper_core\dropper.c(36,5): warning C4013: 'DebugPrint' non défini(e) ; extern retournant int pris par défaut
C:\Users\lamachin3\Projets\Droppy\dropper_core\dropper.c(57,16): warning C4013: 'inject_payload' non défini(e) ; extern retournant int pris par défaut
  anti_analysis.c
C:\Users\lamachin3\Projets\Droppy\dropper_core\modules\anti_analysis\anti_analysis.c(25,9): warning C4013: 'DebugPrint' non défini(e) ; extern retournant int pris par défaut
C:\Users\lamachin3\Projets\Droppy\dropper_core\modules\anti_analysis\anti_analysis.c(29,38): warning C4047: 'fonction' : les niveaux d'indirection de 'SIZE_T' et de 'void *' sont différents
C:\Users\lamachin3\Projets\Droppy\dropper_core\modules\anti_analysis\anti_analysis.c(29,38): warning C4024: 'CreateThread' : types différents pour le paramètre formel et réel 2
C:\Users\lamachin3\Projets\Droppy\dropper_core\modules\anti_analysis\anti_analysis.c(29,93): warning C4047: 'fonction' : les niveaux d'indirection de 'DWORD' et de 'void *' sont différents
C:\Users\lamachin3\Projets\Droppy\dropper_core\modules\anti_analysis\anti_analysis.c(29,93): warning C4024: 'CreateThread' : types différents pour le paramètre formel et réel 5
C:\Users\lamachin3\Projets\Droppy\dropper_core\modules\anti_analysis\anti_analysis.c(36,50): warning C4047: 'fonction' : les niveaux d'indirection de 'HHOOK' et de 'DWORD' sont différents
C:\Users\lamachin3\Projets\Droppy\dropper_core\modules\anti_analysis\anti_analysis.c(36,50): warning C4024: 'UnhookWindowsHookEx' : types différents pour le paramètre formel et réel 1
C:\Users\lamachin3\Projets\Droppy\dropper_core\modules\anti_analysis\anti_analysis.c(78,25): warning C4047: '=' : les niveaux d'indirection de 'DWORD' et de 'void *' sont différents
C:\Users\lamachin3\Projets\Droppy\dropper_core\modules\anti_analysis\anti_analysis.c(9,13): warning C4047: 'initialisation' : les niveaux d'indirection de 'DWORD' et de 'void *' sont différents
C:\Users\lamachin3\Projets\Droppy\dropper_core\modules\anti_analysis\anti_analysis.c(10,14): warning C4047: 'initialisation' : les niveaux d'indirection de 'NTSTATUS' et de 'void *' sont différents
C:\Users\lamachin3\Projets\Droppy\dropper_core\modules\anti_analysis\anti_analysis.c(13,14): warning C4047: 'initialisation' : les niveaux d'indirection de 'LONGLONG' et de 'void *' sont différents
  dictionnary_obfuscation.c
  debug.c
  Génération de code en cours...
LINK : warning LNK4075: ' /INCREMENTAL' ignoré à cause de la spécification '/OPT:ICF'
  Droppy_core.vcxproj -> C:\Users\lamachin3\Projets\Droppy\dropper_core\x64\Release\Droppy_core.exe
  'pwsh.exe' n'est pas reconnu en tant que commande interne
  ou externe, un programme exécutable ou un fichier de commandes.
