  dropper.c
C:\Users\lamachin3\Projets\Droppy\dropper_core\dropper.c(44,5): warning C4013: 'DebugPrint' non défini(e) ; extern retournant int pris par défaut
C:\Users\lamachin3\Projets\Droppy\dropper_core\dropper.c(58,16): warning C4013: 'inject_payload' non défini(e) ; extern retournant int pris par défaut
  anti_analysis.c
C:\Users\lamachin3\Projets\Droppy\dropper_core\modules\anti_analysis\anti_analysis.c(25,9): warning C4013: 'DebugPrint' non défini(e) ; extern retournant int pris par défaut
C:\Users\lamachin3\Projets\Droppy\dropper_core\modules\anti_analysis\anti_analysis.c(29,38): warning C4047: 'fonction' : les niveaux d'indirection de 'SIZE_T' et de 'void *' sont différents
C:\Users\lamachin3\Projets\Droppy\dropper_core\modules\anti_analysis\anti_analysis.c(29,38): warning C4024: 'CreateThread' : types différents pour le paramètre formel et réel 2
C:\Users\lamachin3\Projets\Droppy\dropper_core\modules\anti_analysis\anti_analysis.c(29,93): warning C4047: 'fonction' : les niveaux d'indirection de 'DWORD' et de 'void *' sont différents
C:\Users\lamachin3\Projets\Droppy\dropper_core\modules\anti_analysis\anti_analysis.c(29,93): warning C4024: 'CreateThread' : types différents pour le paramètre formel et réel 5
C:\Users\lamachin3\Projets\Droppy\dropper_core\modules\anti_analysis\anti_analysis.c(36,50): warning C4047: 'fonction' : les niveaux d'indirection de 'HHOOK' et de 'DWORD' sont différents
C:\Users\lamachin3\Projets\Droppy\dropper_core\modules\anti_analysis\anti_analysis.c(36,50): warning C4024: 'UnhookWindowsHookEx' : types différents pour le paramètre formel et réel 1
C:\Users\lamachin3\Projets\Droppy\dropper_core\modules\anti_analysis\anti_analysis.c(78,25): warning C4047: '=' : les niveaux d'indirection de 'DWORD' et de 'void *' sont différents
C:\Users\lamachin3\Projets\Droppy\dropper_core\modules\anti_analysis\anti_analysis.c(9,13): warning C4047: 'initialisation' : les niveaux d'indirection de 'DWORD' et de 'void *' sont différents
C:\Users\lamachin3\Projets\Droppy\dropper_core\modules\anti_analysis\anti_analysis.c(10,14): warning C4047: 'initialisation' : les niveaux d'indirection de 'NTSTATUS' et de 'void *' sont différents
C:\Users\lamachin3\Projets\Droppy\dropper_core\modules\anti_analysis\anti_analysis.c(13,14): warning C4047: 'initialisation' : les niveaux d'indirection de 'LONGLONG' et de 'void *' sont différents
  delay.c
C:\Users\lamachin3\Projets\Droppy\dropper_core\modules\anti_analysis\delay.c(16,5): warning C4013: 'DebugPrint' non défini(e) ; extern retournant int pris par défaut
C:\Users\lamachin3\Projets\Droppy\dropper_core\modules\anti_analysis\delay.c(22,16): warning C4244: '=' : conversion de 'ULONGLONG' en 'DWORD', perte possible de données
C:\Users\lamachin3\Projets\Droppy\dropper_core\modules\anti_analysis\delay.c(35,16): warning C4244: '=' : conversion de 'ULONGLONG' en 'DWORD', perte possible de données
C:\Users\lamachin3\Projets\Droppy\dropper_core\modules\anti_analysis\delay.c(10,38): warning C4244: 'initialisation' : conversion de 'FLOAT' en 'DWORD', perte possible de données
C:\Users\lamachin3\Projets\Droppy\dropper_core\modules\anti_analysis\delay.c(12,14): warning C4047: 'initialisation' : les niveaux d'indirection de 'LONGLONG' et de 'void *' sont différents
C:\Users\lamachin3\Projets\Droppy\dropper_core\modules\anti_analysis\delay.c(13,14): warning C4047: 'initialisation' : les niveaux d'indirection de 'NTSTATUS' et de 'void *' sont différents
C:\Users\lamachin3\Projets\Droppy\dropper_core\modules\anti_analysis\delay.c(14,11): warning C4047: 'initialisation' : les niveaux d'indirection de 'DWORD' et de 'void *' sont différents
C:\Users\lamachin3\Projets\Droppy\dropper_core\modules\anti_analysis\delay.c(14,23): warning C4047: 'initialisation' : les niveaux d'indirection de 'DWORD' et de 'void *' sont différents
C:\Users\lamachin3\Projets\Droppy\dropper_core\modules\anti_analysis\delay.c(51,32): warning C4090: 'fonction' : qualificateurs 'volatile' différents
  mouse_action.c
C:\Users\lamachin3\Projets\Droppy\dropper_core\modules\anti_analysis\mouse_action.c(9,25): warning C4047: 'initialisation' : les niveaux d'indirection de 'DWORD' et de 'void *' sont différents
C:\Users\lamachin3\Projets\Droppy\dropper_core\modules\anti_analysis\mouse_action.c(18,9): warning C4013: 'DebugPrint' non défini(e) ; extern retournant int pris par défaut
C:\Users\lamachin3\Projets\Droppy\dropper_core\modules\anti_analysis\mouse_action.c(34,9): warning C4047: 'fonction' : les niveaux d'indirection de 'DWORD' et de 'void *' sont différents
C:\Users\lamachin3\Projets\Droppy\dropper_core\modules\anti_analysis\mouse_action.c(34,9): warning C4024: 'g_Api' : types différents pour le paramètre formel et réel 4
C:\Users\lamachin3\Projets\Droppy\dropper_core\modules\anti_analysis\mouse_action.c(41,43): warning C4047: 'fonction' : les niveaux d'indirection de 'UINT' et de 'void *' sont différents
C:\Users\lamachin3\Projets\Droppy\dropper_core\modules\anti_analysis\mouse_action.c(41,43): warning C4024: 'g_Api' : types différents pour le paramètre formel et réel 3
C:\Users\lamachin3\Projets\Droppy\dropper_core\modules\anti_analysis\mouse_action.c(41,49): warning C4047: 'fonction' : les niveaux d'indirection de 'UINT' et de 'void *' sont différents
C:\Users\lamachin3\Projets\Droppy\dropper_core\modules\anti_analysis\mouse_action.c(41,49): warning C4024: 'g_Api' : types différents pour le paramètre formel et réel 4
  self_delete.c
C:\Users\lamachin3\Projets\Droppy\dropper_core\modules\anti_analysis\self_delete.c(20,3): warning C4013: 'DebugPrint' non défini(e) ; extern retournant int pris par défaut
C:\Users\lamachin3\Projets\Droppy\dropper_core\modules\anti_analysis\self_delete.c(48,97): warning C4047: 'fonction' : les niveaux d'indirection de 'DWORD' et de 'void *' sont différents
C:\Users\lamachin3\Projets\Droppy\dropper_core\modules\anti_analysis\self_delete.c(48,97): warning C4024: 'g_Api' : types différents pour le paramètre formel et réel 6
C:\Users\lamachin3\Projets\Droppy\dropper_core\modules\anti_analysis\self_delete.c(55,5): warning C4013: 'WDebugPrint' non défini(e) ; extern retournant int pris par défaut
C:\Users\lamachin3\Projets\Droppy\dropper_core\modules\anti_analysis\self_delete.c(58,73): warning C4244: 'fonction' : conversion de 'SIZE_T' en 'DWORD', perte possible de données
C:\Users\lamachin3\Projets\Droppy\dropper_core\modules\anti_analysis\self_delete.c(71,97): warning C4047: 'fonction' : les niveaux d'indirection de 'DWORD' et de 'void *' sont différents
C:\Users\lamachin3\Projets\Droppy\dropper_core\modules\anti_analysis\self_delete.c(71,97): warning C4024: 'g_Api' : types différents pour le paramètre formel et réel 6
  aes_encryption.c
C:\Users\lamachin3\Projets\Droppy\dropper_core\modules\encryption\aes_encryption.c(29,41): warning C4047: 'initialisation' : les niveaux d'indirection de 'ULONG' et de 'void *' sont différents
C:\Users\lamachin3\Projets\Droppy\dropper_core\modules\encryption\aes_encryption.c(30,41): warning C4047: 'initialisation' : les niveaux d'indirection de 'DWORD' et de 'void *' sont différents
C:\Users\lamachin3\Projets\Droppy\dropper_core\modules\encryption\aes_encryption.c(32,41): warning C4047: 'initialisation' : les niveaux d'indirection de 'DWORD' et de 'void *' sont différents
C:\Users\lamachin3\Projets\Droppy\dropper_core\modules\encryption\aes_encryption.c(36,41): warning C4047: 'initialisation' : les niveaux d'indirection de 'DWORD' et de 'void *' sont différents
C:\Users\lamachin3\Projets\Droppy\dropper_core\modules\encryption\aes_encryption.c(38,41): warning C4047: 'initialisation' : les niveaux d'indirection de 'NTSTATUS' et de 'void *' sont différents
C:\Users\lamachin3\Projets\Droppy\dropper_core\modules\encryption\aes_encryption.c(118,56): warning C4047: '==' : les niveaux d'indirection de 'DWORD' et de 'void *' sont différents
  chacha20_encryption.c
  des_encryption.c
  encryption.c
  rc4_encryption.c
C:\Users\lamachin3\Projets\Droppy\dropper_core\modules\encryption\rc4_encryption.c(25,41): warning C4133: 'fonction' : types incompatibles - de 'USTRING *' à 'USTRING *'
C:\Users\lamachin3\Projets\Droppy\dropper_core\modules\encryption\rc4_encryption.c(25,47): warning C4133: 'fonction' : types incompatibles - de 'USTRING *' à 'USTRING *'
C:\Users\lamachin3\Projets\Droppy\dropper_core\modules\encryption\rc4_encryption.c(13,25): warning C4047: 'initialisation' : les niveaux d'indirection de 'NTSTATUS' et de 'void *' sont différents
  rsa_encryption.c
  xor_encryption.c
  custom_win_api.c
C:\Users\lamachin3\Projets\Droppy\dropper_core\modules\entropy\custom_win_api.c(85,9): warning C4005: 'RAND_MAX' : redéfinition de macro
  entropy.c
  apc_injection.c
C:\Users\lamachin3\Projets\Droppy\dropper_core\modules\injection\apc_injection.c(4,39): warning C4047: 'fonction' : les niveaux d'indirection de 'BOOL' et de 'void *' sont différents
C:\Users\lamachin3\Projets\Droppy\dropper_core\modules\injection\apc_injection.c(4,39): warning C4024: 'CreateEventA' : types différents pour le paramètre formel et réel 2
C:\Users\lamachin3\Projets\Droppy\dropper_core\modules\injection\apc_injection.c(4,45): warning C4047: 'fonction' : les niveaux d'indirection de 'BOOL' et de 'void *' sont différents
C:\Users\lamachin3\Projets\Droppy\dropper_core\modules\injection\apc_injection.c(4,45): warning C4024: 'CreateEventA' : types différents pour le paramètre formel et réel 3
C:\Users\lamachin3\Projets\Droppy\dropper_core\modules\injection\apc_injection.c(6,9): warning C4013: 'DebugPrint' non défini(e) ; extern retournant int pris par défaut
C:\Users\lamachin3\Projets\Droppy\dropper_core\modules\injection\apc_injection.c(46,52): warning C4047: 'fonction' : les niveaux d'indirection de 'ULONG_PTR' et de 'void *' sont différents
C:\Users\lamachin3\Projets\Droppy\dropper_core\modules\injection\apc_injection.c(46,52): warning C4024: 'QueueUserAPC' : types différents pour le paramètre formel et réel 3
C:\Users\lamachin3\Projets\Droppy\dropper_core\modules\injection\apc_injection.c(56,11): warning C4047: 'initialisation' : les niveaux d'indirection de 'DWORD' et de 'void *' sont différents
  function_stomping_injection.c
  injection.c
C:\Users\lamachin3\Projets\Droppy\dropper_core\modules\injection\injection.c(10,9): warning C4013: 'DebugPrint' non défini(e) ; extern retournant int pris par défaut
  remote_process_injection.c
  thread_hijacking.c
  dictionnary_obfuscation.c
  Génération de code en cours...
  Compilation en cours...
  ipv4_obfuscation.c
C:\Users\lamachin3\Projets\Droppy\dropper_core\modules\obfuscation\ipv4_obfuscation.c(17,25): warning C4047: 'initialisation' : les niveaux d'indirection de 'SIZE_T' et de 'void *' sont différents
C:\Users\lamachin3\Projets\Droppy\dropper_core\modules\obfuscation\ipv4_obfuscation.c(21,25): warning C4047: 'initialisation' : les niveaux d'indirection de 'NTSTATUS' et de 'void *' sont différents
  ipv6_obfuscation.c
C:\Users\lamachin3\Projets\Droppy\dropper_core\modules\obfuscation\ipv6_obfuscation.c(15,25): warning C4047: 'initialisation' : les niveaux d'indirection de 'SIZE_T' et de 'void *' sont différents
C:\Users\lamachin3\Projets\Droppy\dropper_core\modules\obfuscation\ipv6_obfuscation.c(19,25): warning C4047: 'initialisation' : les niveaux d'indirection de 'NTSTATUS' et de 'void *' sont différents
  mac_obfuscation.c
C:\Users\lamachin3\Projets\Droppy\dropper_core\modules\obfuscation\mac_obfuscation.c(15,25): warning C4047: 'initialisation' : les niveaux d'indirection de 'SIZE_T' et de 'void *' sont différents
C:\Users\lamachin3\Projets\Droppy\dropper_core\modules\obfuscation\mac_obfuscation.c(19,25): warning C4047: 'initialisation' : les niveaux d'indirection de 'NTSTATUS' et de 'void *' sont différents
  obfuscation.c
  uuid_obfuscation.c
C:\Users\lamachin3\Projets\Droppy\dropper_core\modules\obfuscation\uuid_obfuscation.c(14,25): warning C4047: 'initialisation' : les niveaux d'indirection de 'SIZE_T' et de 'void *' sont différents
C:\Users\lamachin3\Projets\Droppy\dropper_core\modules\obfuscation\uuid_obfuscation.c(18,25): warning C4047: 'initialisation' : les niveaux d'indirection de 'NTSTATUS' et de 'void *' sont différents
  file_mapping.c
  in_memory.c
  shellcode_loading.c
  direct_syscalls.c
  iat_obfuscation.c
  process_argument_spoofing.c
  api_hashing.c
C:\Users\lamachin3\Projets\Droppy\dropper_core\syscalls\api_hashing.c(11,39): warning C4047: '==' : les niveaux d'indirection de 'DWORD' et de 'void *' sont différents
C:\Users\lamachin3\Projets\Droppy\dropper_core\syscalls\api_hashing.c(52,23): warning C4047: '==' : les niveaux d'indirection de 'DWORD' et de 'void *' sont différents
C:\Users\lamachin3\Projets\Droppy\dropper_core\syscalls\api_hashing.c(66,32): warning C4047: '!=' : les niveaux d'indirection de 'int' et de 'void *' sont différents
C:\Users\lamachin3\Projets\Droppy\dropper_core\syscalls\api_hashing.c(73,33): warning C4013: '_toUpper' non défini(e) ; extern retournant int pris par défaut
  syscalls.c
  debug.c
  Génération de code en cours...
  Droppy_core.vcxproj -> C:\Users\lamachin3\Projets\Droppy\dropper_core\x64\Debug\Droppy_core.exe
  'pwsh.exe' n'est pas reconnu en tant que commande interne
  ou externe, un programme exécutable ou un fichier de commandes.
