  dropper.c
C:\Program Files (x86)\Windows Kits\10\Include\10.0.22621.0\shared\minwindef.h(156,29): warning C4142: 'DWORD' : redéfinition bénigne du type
C:\Program Files (x86)\Windows Kits\10\Include\10.0.22621.0\um\winnt.h(3646,1): warning C4391: 'DWORD __segmentlimit(DWORD)' : type de retour incorrect pour la fonction intrinsèque, 'unsigned long' attendu
C:\Program Files (x86)\Windows Kits\10\Include\10.0.22621.0\um\winnt.h(3985,1): warning C4391: 'DWORD __readgsdword(DWORD)' : type de retour incorrect pour la fonction intrinsèque, 'unsigned long' attendu
C:\Program Files (x86)\Windows Kits\10\Include\10.0.22621.0\um\sysinfoapi.h(489,1): warning C4028: paramètre formel 2 différent de la déclaration
C:\Program Files (x86)\Windows Kits\10\Include\10.0.22621.0\shared\wtypesbase.h(156,15): warning C4142: 'ULONG' : redéfinition bénigne du type
C:\Program Files (x86)\Windows Kits\10\Include\10.0.22621.0\shared\winsmcrd.h(36,15): warning C4142: 'ULONG' : redéfinition bénigne du type
C:\Users\lamachin3\Projets\Droppy\dropper_core\structs.h(1069,25): warning C4031: seconde liste de paramètres formels plus longue que la première liste
C:\Users\lamachin3\Projets\Droppy\dropper_core\structs.h(1069,25): warning C4028: paramètre formel 4 différent de la déclaration
C:\Users\lamachin3\Projets\Droppy\dropper_core\structs.h(1069,25): warning C4028: paramètre formel 6 différent de la déclaration
C:\Users\lamachin3\Projets\Droppy\dropper_core\dropper.c(40,5): warning C4013: 'DebugPrint' non défini(e) ; extern retournant int pris par défaut
C:\Users\lamachin3\Projets\Droppy\dropper_core\dropper.c(65,65): warning C4020: 'decrypt' : paramètres réels trop nombreux
C:\Users\lamachin3\Projets\Droppy\dropper_core\dropper.c(83,16): warning C4013: 'inject_payload' non défini(e) ; extern retournant int pris par défaut
  anti_analysis.c
C:\Program Files (x86)\Windows Kits\10\Include\10.0.22621.0\shared\minwindef.h(156,29): warning C4142: 'DWORD' : redéfinition bénigne du type
C:\Program Files (x86)\Windows Kits\10\Include\10.0.22621.0\um\winnt.h(3646,1): warning C4391: 'DWORD __segmentlimit(DWORD)' : type de retour incorrect pour la fonction intrinsèque, 'unsigned long' attendu
C:\Program Files (x86)\Windows Kits\10\Include\10.0.22621.0\um\winnt.h(3985,1): warning C4391: 'DWORD __readgsdword(DWORD)' : type de retour incorrect pour la fonction intrinsèque, 'unsigned long' attendu
C:\Program Files (x86)\Windows Kits\10\Include\10.0.22621.0\um\sysinfoapi.h(489,1): warning C4028: paramètre formel 2 différent de la déclaration
C:\Program Files (x86)\Windows Kits\10\Include\10.0.22621.0\shared\wtypesbase.h(156,15): warning C4142: 'ULONG' : redéfinition bénigne du type
C:\Program Files (x86)\Windows Kits\10\Include\10.0.22621.0\shared\winsmcrd.h(36,15): warning C4142: 'ULONG' : redéfinition bénigne du type
C:\Users\lamachin3\Projets\Droppy\dropper_core\structs.h(1069,25): warning C4031: seconde liste de paramètres formels plus longue que la première liste
C:\Users\lamachin3\Projets\Droppy\dropper_core\structs.h(1069,25): warning C4028: paramètre formel 4 différent de la déclaration
C:\Users\lamachin3\Projets\Droppy\dropper_core\structs.h(1069,25): warning C4028: paramètre formel 6 différent de la déclaration
C:\Users\lamachin3\Projets\Droppy\dropper_core\modules\anti_analysis\anti_analysis.c(25,9): warning C4013: 'DebugPrint' non défini(e) ; extern retournant int pris par défaut
C:\Users\lamachin3\Projets\Droppy\dropper_core\modules\anti_analysis\anti_analysis.c(29,38): warning C4047: 'fonction' : les niveaux d'indirection de 'SIZE_T' et de 'void *' sont différents
C:\Users\lamachin3\Projets\Droppy\dropper_core\modules\anti_analysis\anti_analysis.c(29,38): warning C4024: 'CreateThread' : types différents pour le paramètre formel et réel 2
C:\Users\lamachin3\Projets\Droppy\dropper_core\modules\anti_analysis\anti_analysis.c(29,93): warning C4047: 'fonction' : les niveaux d'indirection de 'DWORD' et de 'void *' sont différents
C:\Users\lamachin3\Projets\Droppy\dropper_core\modules\anti_analysis\anti_analysis.c(29,93): warning C4024: 'CreateThread' : types différents pour le paramètre formel et réel 5
C:\Users\lamachin3\Projets\Droppy\dropper_core\modules\anti_analysis\anti_analysis.c(36,50): warning C4047: 'fonction' : les niveaux d'indirection de 'HHOOK' et de 'DWORD' sont différents
C:\Users\lamachin3\Projets\Droppy\dropper_core\modules\anti_analysis\anti_analysis.c(36,50): warning C4024: 'UnhookWindowsHookEx' : types différents pour le paramètre formel et réel 1
C:\Users\lamachin3\Projets\Droppy\dropper_core\modules\anti_analysis\anti_analysis.c(78,25): warning C4047: '=' : les niveaux d'indirection de 'DWORD' et de 'void *' sont différents
C:\Users\lamachin3\Projets\Droppy\dropper_core\modules\anti_analysis\anti_analysis.c(9,13): warning C4047: 'initialisation' : les niveaux d'indirection de 'DWORD' et de 'void *' sont différents
C:\Users\lamachin3\Projets\Droppy\dropper_core\modules\anti_analysis\anti_analysis.c(10,14): warning C4047: 'initialisation' : les niveaux d'indirection de 'NTSTATUS' et de 'void *' sont différents
C:\Users\lamachin3\Projets\Droppy\dropper_core\modules\anti_analysis\anti_analysis.c(13,14): warning C4047: 'initialisation' : les niveaux d'indirection de 'LONGLONG' et de 'void *' sont différents
  delay.c
C:\Program Files (x86)\Windows Kits\10\Include\10.0.22621.0\shared\minwindef.h(156,29): warning C4142: 'DWORD' : redéfinition bénigne du type
C:\Program Files (x86)\Windows Kits\10\Include\10.0.22621.0\um\winnt.h(3646,1): warning C4391: 'DWORD __segmentlimit(DWORD)' : type de retour incorrect pour la fonction intrinsèque, 'unsigned long' attendu
C:\Program Files (x86)\Windows Kits\10\Include\10.0.22621.0\um\winnt.h(3985,1): warning C4391: 'DWORD __readgsdword(DWORD)' : type de retour incorrect pour la fonction intrinsèque, 'unsigned long' attendu
C:\Program Files (x86)\Windows Kits\10\Include\10.0.22621.0\um\sysinfoapi.h(489,1): warning C4028: paramètre formel 2 différent de la déclaration
C:\Program Files (x86)\Windows Kits\10\Include\10.0.22621.0\shared\wtypesbase.h(156,15): warning C4142: 'ULONG' : redéfinition bénigne du type
C:\Program Files (x86)\Windows Kits\10\Include\10.0.22621.0\shared\winsmcrd.h(36,15): warning C4142: 'ULONG' : redéfinition bénigne du type
C:\Users\lamachin3\Projets\Droppy\dropper_core\structs.h(1069,25): warning C4031: seconde liste de paramètres formels plus longue que la première liste
C:\Users\lamachin3\Projets\Droppy\dropper_core\structs.h(1069,25): warning C4028: paramètre formel 4 différent de la déclaration
C:\Users\lamachin3\Projets\Droppy\dropper_core\structs.h(1069,25): warning C4028: paramètre formel 6 différent de la déclaration
C:\Users\lamachin3\Projets\Droppy\dropper_core\modules\anti_analysis\delay.c(16,5): warning C4013: 'DebugPrint' non défini(e) ; extern retournant int pris par défaut
C:\Users\lamachin3\Projets\Droppy\dropper_core\modules\anti_analysis\delay.c(22,16): warning C4244: '=' : conversion de 'ULONGLONG' en 'DWORD', perte possible de données
C:\Users\lamachin3\Projets\Droppy\dropper_core\modules\anti_analysis\delay.c(35,16): warning C4244: '=' : conversion de 'ULONGLONG' en 'DWORD', perte possible de données
C:\Users\lamachin3\Projets\Droppy\dropper_core\modules\anti_analysis\delay.c(10,38): warning C4244: 'initialisation' : conversion de 'FLOAT' en 'DWORD', perte possible de données
C:\Users\lamachin3\Projets\Droppy\dropper_core\modules\anti_analysis\delay.c(12,14): warning C4047: 'initialisation' : les niveaux d'indirection de 'LONGLONG' et de 'void *' sont différents
C:\Users\lamachin3\Projets\Droppy\dropper_core\modules\anti_analysis\delay.c(13,14): warning C4047: 'initialisation' : les niveaux d'indirection de 'NTSTATUS' et de 'void *' sont différents
C:\Users\lamachin3\Projets\Droppy\dropper_core\modules\anti_analysis\delay.c(14,11): warning C4047: 'initialisation' : les niveaux d'indirection de 'DWORD' et de 'void *' sont différents
C:\Users\lamachin3\Projets\Droppy\dropper_core\modules\anti_analysis\delay.c(14,23): warning C4047: 'initialisation' : les niveaux d'indirection de 'DWORD' et de 'void *' sont différents
C:\Users\lamachin3\Projets\Droppy\dropper_core\modules\anti_analysis\delay.c(51,32): warning C4090: 'fonction' : qualificateurs 'volatile' différents
  mouse_action.c
C:\Program Files (x86)\Windows Kits\10\Include\10.0.22621.0\shared\minwindef.h(156,29): warning C4142: 'DWORD' : redéfinition bénigne du type
C:\Program Files (x86)\Windows Kits\10\Include\10.0.22621.0\um\winnt.h(3646,1): warning C4391: 'DWORD __segmentlimit(DWORD)' : type de retour incorrect pour la fonction intrinsèque, 'unsigned long' attendu
C:\Program Files (x86)\Windows Kits\10\Include\10.0.22621.0\um\winnt.h(3985,1): warning C4391: 'DWORD __readgsdword(DWORD)' : type de retour incorrect pour la fonction intrinsèque, 'unsigned long' attendu
C:\Program Files (x86)\Windows Kits\10\Include\10.0.22621.0\um\sysinfoapi.h(489,1): warning C4028: paramètre formel 2 différent de la déclaration
C:\Program Files (x86)\Windows Kits\10\Include\10.0.22621.0\shared\wtypesbase.h(156,15): warning C4142: 'ULONG' : redéfinition bénigne du type
C:\Program Files (x86)\Windows Kits\10\Include\10.0.22621.0\shared\winsmcrd.h(36,15): warning C4142: 'ULONG' : redéfinition bénigne du type
C:\Users\lamachin3\Projets\Droppy\dropper_core\structs.h(1069,25): warning C4031: seconde liste de paramètres formels plus longue que la première liste
C:\Users\lamachin3\Projets\Droppy\dropper_core\structs.h(1069,25): warning C4028: paramètre formel 4 différent de la déclaration
C:\Users\lamachin3\Projets\Droppy\dropper_core\structs.h(1069,25): warning C4028: paramètre formel 6 différent de la déclaration
C:\Users\lamachin3\Projets\Droppy\dropper_core\modules\anti_analysis\mouse_action.c(9,25): warning C4047: 'initialisation' : les niveaux d'indirection de 'DWORD' et de 'void *' sont différents
C:\Users\lamachin3\Projets\Droppy\dropper_core\modules\anti_analysis\mouse_action.c(18,9): warning C4013: 'DebugPrint' non défini(e) ; extern retournant int pris par défaut
C:\Users\lamachin3\Projets\Droppy\dropper_core\modules\anti_analysis\mouse_action.c(34,9): warning C4047: 'fonction' : les niveaux d'indirection de 'DWORD' et de 'void *' sont différents
C:\Users\lamachin3\Projets\Droppy\dropper_core\modules\anti_analysis\mouse_action.c(34,9): warning C4024: 'g_Api' : types différents pour le paramètre formel et réel 4
C:\Users\lamachin3\Projets\Droppy\dropper_core\modules\anti_analysis\mouse_action.c(41,43): warning C4047: 'fonction' : les niveaux d'indirection de 'UINT' et de 'void *' sont différents
C:\Users\lamachin3\Projets\Droppy\dropper_core\modules\anti_analysis\mouse_action.c(41,43): warning C4024: 'g_Api' : types différents pour le paramètre formel et réel 3
C:\Users\lamachin3\Projets\Droppy\dropper_core\modules\anti_analysis\mouse_action.c(41,49): warning C4047: 'fonction' : les niveaux d'indirection de 'UINT' et de 'void *' sont différents
C:\Users\lamachin3\Projets\Droppy\dropper_core\modules\anti_analysis\mouse_action.c(41,49): warning C4024: 'g_Api' : types différents pour le paramètre formel et réel 4
  self_delete.c
C:\Program Files (x86)\Windows Kits\10\Include\10.0.22621.0\shared\minwindef.h(156,29): warning C4142: 'DWORD' : redéfinition bénigne du type
C:\Program Files (x86)\Windows Kits\10\Include\10.0.22621.0\um\winnt.h(3646,1): warning C4391: 'DWORD __segmentlimit(DWORD)' : type de retour incorrect pour la fonction intrinsèque, 'unsigned long' attendu
C:\Program Files (x86)\Windows Kits\10\Include\10.0.22621.0\um\winnt.h(3985,1): warning C4391: 'DWORD __readgsdword(DWORD)' : type de retour incorrect pour la fonction intrinsèque, 'unsigned long' attendu
C:\Program Files (x86)\Windows Kits\10\Include\10.0.22621.0\um\sysinfoapi.h(489,1): warning C4028: paramètre formel 2 différent de la déclaration
C:\Program Files (x86)\Windows Kits\10\Include\10.0.22621.0\shared\wtypesbase.h(156,15): warning C4142: 'ULONG' : redéfinition bénigne du type
C:\Program Files (x86)\Windows Kits\10\Include\10.0.22621.0\shared\winsmcrd.h(36,15): warning C4142: 'ULONG' : redéfinition bénigne du type
C:\Users\lamachin3\Projets\Droppy\dropper_core\structs.h(1069,25): warning C4031: seconde liste de paramètres formels plus longue que la première liste
C:\Users\lamachin3\Projets\Droppy\dropper_core\structs.h(1069,25): warning C4028: paramètre formel 4 différent de la déclaration
C:\Users\lamachin3\Projets\Droppy\dropper_core\structs.h(1069,25): warning C4028: paramètre formel 6 différent de la déclaration
C:\Users\lamachin3\Projets\Droppy\dropper_core\modules\anti_analysis\self_delete.c(20,3): warning C4013: 'DebugPrint' non défini(e) ; extern retournant int pris par défaut
C:\Users\lamachin3\Projets\Droppy\dropper_core\modules\anti_analysis\self_delete.c(48,97): warning C4047: 'fonction' : les niveaux d'indirection de 'DWORD' et de 'void *' sont différents
C:\Users\lamachin3\Projets\Droppy\dropper_core\modules\anti_analysis\self_delete.c(48,97): warning C4024: 'g_Api' : types différents pour le paramètre formel et réel 6
C:\Users\lamachin3\Projets\Droppy\dropper_core\modules\anti_analysis\self_delete.c(55,5): warning C4013: 'WDebugPrint' non défini(e) ; extern retournant int pris par défaut
C:\Users\lamachin3\Projets\Droppy\dropper_core\modules\anti_analysis\self_delete.c(58,73): warning C4244: 'fonction' : conversion de 'SIZE_T' en 'DWORD', perte possible de données
C:\Users\lamachin3\Projets\Droppy\dropper_core\modules\anti_analysis\self_delete.c(71,97): warning C4047: 'fonction' : les niveaux d'indirection de 'DWORD' et de 'void *' sont différents
C:\Users\lamachin3\Projets\Droppy\dropper_core\modules\anti_analysis\self_delete.c(71,97): warning C4024: 'g_Api' : types différents pour le paramètre formel et réel 6
  aes_encryption.c
C:\Program Files (x86)\Windows Kits\10\Include\10.0.22621.0\shared\minwindef.h(156,29): warning C4142: 'DWORD' : redéfinition bénigne du type
C:\Program Files (x86)\Windows Kits\10\Include\10.0.22621.0\um\winnt.h(3646,1): warning C4391: 'DWORD __segmentlimit(DWORD)' : type de retour incorrect pour la fonction intrinsèque, 'unsigned long' attendu
C:\Program Files (x86)\Windows Kits\10\Include\10.0.22621.0\um\winnt.h(3985,1): warning C4391: 'DWORD __readgsdword(DWORD)' : type de retour incorrect pour la fonction intrinsèque, 'unsigned long' attendu
C:\Program Files (x86)\Windows Kits\10\Include\10.0.22621.0\um\sysinfoapi.h(489,1): warning C4028: paramètre formel 2 différent de la déclaration
C:\Program Files (x86)\Windows Kits\10\Include\10.0.22621.0\shared\wtypesbase.h(156,15): warning C4142: 'ULONG' : redéfinition bénigne du type
C:\Program Files (x86)\Windows Kits\10\Include\10.0.22621.0\shared\winsmcrd.h(36,15): warning C4142: 'ULONG' : redéfinition bénigne du type
C:\Users\lamachin3\Projets\Droppy\dropper_core\structs.h(1069,25): warning C4031: seconde liste de paramètres formels plus longue que la première liste
C:\Users\lamachin3\Projets\Droppy\dropper_core\structs.h(1069,25): warning C4028: paramètre formel 4 différent de la déclaration
C:\Users\lamachin3\Projets\Droppy\dropper_core\structs.h(1069,25): warning C4028: paramètre formel 6 différent de la déclaration
C:\Users\lamachin3\Projets\Droppy\dropper_core\modules\encryption\aes_encryption.c(43,17): warning C4013: 'DebugPrint' non défini(e) ; extern retournant int pris par défaut
C:\Users\lamachin3\Projets\Droppy\dropper_core\modules\encryption\aes_encryption.c(29,41): warning C4047: 'initialisation' : les niveaux d'indirection de 'ULONG' et de 'void *' sont différents
C:\Users\lamachin3\Projets\Droppy\dropper_core\modules\encryption\aes_encryption.c(30,41): warning C4047: 'initialisation' : les niveaux d'indirection de 'DWORD' et de 'void *' sont différents
C:\Users\lamachin3\Projets\Droppy\dropper_core\modules\encryption\aes_encryption.c(32,41): warning C4047: 'initialisation' : les niveaux d'indirection de 'DWORD' et de 'void *' sont différents
C:\Users\lamachin3\Projets\Droppy\dropper_core\modules\encryption\aes_encryption.c(36,41): warning C4047: 'initialisation' : les niveaux d'indirection de 'DWORD' et de 'void *' sont différents
C:\Users\lamachin3\Projets\Droppy\dropper_core\modules\encryption\aes_encryption.c(38,41): warning C4047: 'initialisation' : les niveaux d'indirection de 'NTSTATUS' et de 'void *' sont différents
C:\Users\lamachin3\Projets\Droppy\dropper_core\modules\encryption\aes_encryption.c(118,56): warning C4047: '==' : les niveaux d'indirection de 'DWORD' et de 'void *' sont différents
  chacha20_encryption.c
C:\Program Files (x86)\Windows Kits\10\Include\10.0.22621.0\shared\minwindef.h(156,29): warning C4142: 'DWORD' : redéfinition bénigne du type
C:\Program Files (x86)\Windows Kits\10\Include\10.0.22621.0\um\winnt.h(3646,1): warning C4391: 'DWORD __segmentlimit(DWORD)' : type de retour incorrect pour la fonction intrinsèque, 'unsigned long' attendu
C:\Program Files (x86)\Windows Kits\10\Include\10.0.22621.0\um\winnt.h(3985,1): warning C4391: 'DWORD __readgsdword(DWORD)' : type de retour incorrect pour la fonction intrinsèque, 'unsigned long' attendu
C:\Program Files (x86)\Windows Kits\10\Include\10.0.22621.0\um\sysinfoapi.h(489,1): warning C4028: paramètre formel 2 différent de la déclaration
C:\Program Files (x86)\Windows Kits\10\Include\10.0.22621.0\shared\wtypesbase.h(156,15): warning C4142: 'ULONG' : redéfinition bénigne du type
C:\Program Files (x86)\Windows Kits\10\Include\10.0.22621.0\shared\winsmcrd.h(36,15): warning C4142: 'ULONG' : redéfinition bénigne du type
C:\Users\lamachin3\Projets\Droppy\dropper_core\structs.h(1069,25): warning C4031: seconde liste de paramètres formels plus longue que la première liste
C:\Users\lamachin3\Projets\Droppy\dropper_core\structs.h(1069,25): warning C4028: paramètre formel 4 différent de la déclaration
C:\Users\lamachin3\Projets\Droppy\dropper_core\structs.h(1069,25): warning C4028: paramètre formel 6 différent de la déclaration
C:\Users\lamachin3\Projets\Droppy\dropper_core\modules\encryption\chacha20_encryption.c(14,9): warning C4013: 'DebugPrint' non défini(e) ; extern retournant int pris par défaut
  des_encryption.c
C:\Program Files (x86)\Windows Kits\10\Include\10.0.22621.0\shared\minwindef.h(156,29): warning C4142: 'DWORD' : redéfinition bénigne du type
C:\Program Files (x86)\Windows Kits\10\Include\10.0.22621.0\um\winnt.h(3646,1): warning C4391: 'DWORD __segmentlimit(DWORD)' : type de retour incorrect pour la fonction intrinsèque, 'unsigned long' attendu
C:\Program Files (x86)\Windows Kits\10\Include\10.0.22621.0\um\winnt.h(3985,1): warning C4391: 'DWORD __readgsdword(DWORD)' : type de retour incorrect pour la fonction intrinsèque, 'unsigned long' attendu
C:\Program Files (x86)\Windows Kits\10\Include\10.0.22621.0\um\sysinfoapi.h(489,1): warning C4028: paramètre formel 2 différent de la déclaration
C:\Program Files (x86)\Windows Kits\10\Include\10.0.22621.0\shared\wtypesbase.h(156,15): warning C4142: 'ULONG' : redéfinition bénigne du type
C:\Program Files (x86)\Windows Kits\10\Include\10.0.22621.0\shared\winsmcrd.h(36,15): warning C4142: 'ULONG' : redéfinition bénigne du type
C:\Users\lamachin3\Projets\Droppy\dropper_core\structs.h(1069,25): warning C4031: seconde liste de paramètres formels plus longue que la première liste
C:\Users\lamachin3\Projets\Droppy\dropper_core\structs.h(1069,25): warning C4028: paramètre formel 4 différent de la déclaration
C:\Users\lamachin3\Projets\Droppy\dropper_core\structs.h(1069,25): warning C4028: paramètre formel 6 différent de la déclaration
C:\Users\lamachin3\Projets\Droppy\dropper_core\modules\encryption\des_encryption.c(14,9): warning C4013: 'DebugPrint' non défini(e) ; extern retournant int pris par défaut
  encryption.c
C:\Program Files (x86)\Windows Kits\10\Include\10.0.22621.0\shared\minwindef.h(156,29): warning C4142: 'DWORD' : redéfinition bénigne du type
C:\Program Files (x86)\Windows Kits\10\Include\10.0.22621.0\um\winnt.h(3646,1): warning C4391: 'DWORD __segmentlimit(DWORD)' : type de retour incorrect pour la fonction intrinsèque, 'unsigned long' attendu
C:\Program Files (x86)\Windows Kits\10\Include\10.0.22621.0\um\winnt.h(3985,1): warning C4391: 'DWORD __readgsdword(DWORD)' : type de retour incorrect pour la fonction intrinsèque, 'unsigned long' attendu
C:\Program Files (x86)\Windows Kits\10\Include\10.0.22621.0\um\sysinfoapi.h(489,1): warning C4028: paramètre formel 2 différent de la déclaration
C:\Program Files (x86)\Windows Kits\10\Include\10.0.22621.0\shared\wtypesbase.h(156,15): warning C4142: 'ULONG' : redéfinition bénigne du type
C:\Program Files (x86)\Windows Kits\10\Include\10.0.22621.0\shared\winsmcrd.h(36,15): warning C4142: 'ULONG' : redéfinition bénigne du type
C:\Users\lamachin3\Projets\Droppy\dropper_core\structs.h(1069,25): warning C4031: seconde liste de paramètres formels plus longue que la première liste
C:\Users\lamachin3\Projets\Droppy\dropper_core\structs.h(1069,25): warning C4028: paramètre formel 4 différent de la déclaration
C:\Users\lamachin3\Projets\Droppy\dropper_core\structs.h(1069,25): warning C4028: paramètre formel 6 différent de la déclaration
C:\Users\lamachin3\Projets\Droppy\dropper_core\modules\encryption\encryption.c(4,6): warning C4029: la déclaration de la liste de paramètres formels est différente de la définition
  rc4_encryption.c
C:\Program Files (x86)\Windows Kits\10\Include\10.0.22621.0\shared\minwindef.h(156,29): warning C4142: 'DWORD' : redéfinition bénigne du type
C:\Program Files (x86)\Windows Kits\10\Include\10.0.22621.0\um\winnt.h(3646,1): warning C4391: 'DWORD __segmentlimit(DWORD)' : type de retour incorrect pour la fonction intrinsèque, 'unsigned long' attendu
C:\Program Files (x86)\Windows Kits\10\Include\10.0.22621.0\um\winnt.h(3985,1): warning C4391: 'DWORD __readgsdword(DWORD)' : type de retour incorrect pour la fonction intrinsèque, 'unsigned long' attendu
C:\Program Files (x86)\Windows Kits\10\Include\10.0.22621.0\um\sysinfoapi.h(489,1): warning C4028: paramètre formel 2 différent de la déclaration
C:\Program Files (x86)\Windows Kits\10\Include\10.0.22621.0\shared\wtypesbase.h(156,15): warning C4142: 'ULONG' : redéfinition bénigne du type
C:\Program Files (x86)\Windows Kits\10\Include\10.0.22621.0\shared\winsmcrd.h(36,15): warning C4142: 'ULONG' : redéfinition bénigne du type
C:\Users\lamachin3\Projets\Droppy\dropper_core\structs.h(1069,25): warning C4031: seconde liste de paramètres formels plus longue que la première liste
C:\Users\lamachin3\Projets\Droppy\dropper_core\structs.h(1069,25): warning C4028: paramètre formel 4 différent de la déclaration
C:\Users\lamachin3\Projets\Droppy\dropper_core\structs.h(1069,25): warning C4028: paramètre formel 6 différent de la déclaration
C:\Users\lamachin3\Projets\Droppy\dropper_core\modules\encryption\rc4_encryption.c(10,6): warning C4029: la déclaration de la liste de paramètres formels est différente de la définition
C:\Users\lamachin3\Projets\Droppy\dropper_core\modules\encryption\rc4_encryption.c(23,41): warning C4133: 'fonction' : types incompatibles - de 'USTRING *' à 'USTRING *'
C:\Users\lamachin3\Projets\Droppy\dropper_core\modules\encryption\rc4_encryption.c(23,47): warning C4133: 'fonction' : types incompatibles - de 'USTRING *' à 'USTRING *'
C:\Users\lamachin3\Projets\Droppy\dropper_core\modules\encryption\rc4_encryption.c(24,13): warning C4013: 'DebugPrint' non défini(e) ; extern retournant int pris par défaut
C:\Users\lamachin3\Projets\Droppy\dropper_core\modules\encryption\rc4_encryption.c(12,18): warning C4047: 'initialisation' : les niveaux d'indirection de 'NTSTATUS' et de 'void *' sont différents
C:\Users\lamachin3\Projets\Droppy\dropper_core\modules\encryption\rc4_encryption.c(55,87): warning C4133: 'fonction' : types incompatibles - de 'SIZE_T *' à 'PULONG'
C:\Users\lamachin3\Projets\Droppy\dropper_core\modules\encryption\rc4_encryption.c(78,79): warning C4133: 'fonction' : types incompatibles - de 'SIZE_T *' à 'PULONG'
C:\Users\lamachin3\Projets\Droppy\dropper_core\modules\encryption\rc4_encryption.c(83,37): warning C4133: 'fonction' : types incompatibles - de 'USTRING *' à 'USTRING *'
C:\Users\lamachin3\Projets\Droppy\dropper_core\modules\encryption\rc4_encryption.c(83,43): warning C4133: 'fonction' : types incompatibles - de 'USTRING *' à 'USTRING *'
C:\Users\lamachin3\Projets\Droppy\dropper_core\modules\encryption\rc4_encryption.c(86,79): warning C4133: 'fonction' : types incompatibles - de 'SIZE_T *' à 'PULONG'
  rsa_encryption.c
C:\Program Files (x86)\Windows Kits\10\Include\10.0.22621.0\shared\minwindef.h(156,29): warning C4142: 'DWORD' : redéfinition bénigne du type
C:\Program Files (x86)\Windows Kits\10\Include\10.0.22621.0\um\winnt.h(3646,1): warning C4391: 'DWORD __segmentlimit(DWORD)' : type de retour incorrect pour la fonction intrinsèque, 'unsigned long' attendu
C:\Program Files (x86)\Windows Kits\10\Include\10.0.22621.0\um\winnt.h(3985,1): warning C4391: 'DWORD __readgsdword(DWORD)' : type de retour incorrect pour la fonction intrinsèque, 'unsigned long' attendu
C:\Program Files (x86)\Windows Kits\10\Include\10.0.22621.0\um\sysinfoapi.h(489,1): warning C4028: paramètre formel 2 différent de la déclaration
C:\Program Files (x86)\Windows Kits\10\Include\10.0.22621.0\shared\wtypesbase.h(156,15): warning C4142: 'ULONG' : redéfinition bénigne du type
C:\Program Files (x86)\Windows Kits\10\Include\10.0.22621.0\shared\winsmcrd.h(36,15): warning C4142: 'ULONG' : redéfinition bénigne du type
C:\Users\lamachin3\Projets\Droppy\dropper_core\structs.h(1069,25): warning C4031: seconde liste de paramètres formels plus longue que la première liste
C:\Users\lamachin3\Projets\Droppy\dropper_core\structs.h(1069,25): warning C4028: paramètre formel 4 différent de la déclaration
C:\Users\lamachin3\Projets\Droppy\dropper_core\structs.h(1069,25): warning C4028: paramètre formel 6 différent de la déclaration
C:\Users\lamachin3\Projets\Droppy\dropper_core\modules\encryption\rsa_encryption.c(21,9): warning C4013: 'DebugPrint' non défini(e) ; extern retournant int pris par défaut
C:\Users\lamachin3\Projets\Droppy\dropper_core\modules\encryption\rsa_encryption.c(82,30): warning C4267: 'initialisation' : conversion de 'size_t' en 'int', perte possible de données
C:\Users\lamachin3\Projets\Droppy\dropper_core\modules\encryption\rsa_encryption.c(113,26): warning C4267: 'initialisation' : conversion de 'size_t' en 'int', perte possible de données
C:\Users\lamachin3\Projets\Droppy\dropper_core\modules\encryption\rsa_encryption.c(120,30): warning C4267: 'initialisation' : conversion de 'size_t' en 'int', perte possible de données
C:\Users\lamachin3\Projets\Droppy\dropper_core\modules\encryption\rsa_encryption.c(143,83): warning C4133: 'fonction' : types incompatibles - de 'SIZE_T *' à 'PULONG'
  xor_encryption.c
C:\Program Files (x86)\Windows Kits\10\Include\10.0.22621.0\shared\minwindef.h(156,29): warning C4142: 'DWORD' : redéfinition bénigne du type
C:\Program Files (x86)\Windows Kits\10\Include\10.0.22621.0\um\winnt.h(3646,1): warning C4391: 'DWORD __segmentlimit(DWORD)' : type de retour incorrect pour la fonction intrinsèque, 'unsigned long' attendu
C:\Program Files (x86)\Windows Kits\10\Include\10.0.22621.0\um\winnt.h(3985,1): warning C4391: 'DWORD __readgsdword(DWORD)' : type de retour incorrect pour la fonction intrinsèque, 'unsigned long' attendu
C:\Program Files (x86)\Windows Kits\10\Include\10.0.22621.0\um\sysinfoapi.h(489,1): warning C4028: paramètre formel 2 différent de la déclaration
C:\Program Files (x86)\Windows Kits\10\Include\10.0.22621.0\shared\wtypesbase.h(156,15): warning C4142: 'ULONG' : redéfinition bénigne du type
C:\Program Files (x86)\Windows Kits\10\Include\10.0.22621.0\shared\winsmcrd.h(36,15): warning C4142: 'ULONG' : redéfinition bénigne du type
C:\Users\lamachin3\Projets\Droppy\dropper_core\structs.h(1069,25): warning C4031: seconde liste de paramètres formels plus longue que la première liste
C:\Users\lamachin3\Projets\Droppy\dropper_core\structs.h(1069,25): warning C4028: paramètre formel 4 différent de la déclaration
C:\Users\lamachin3\Projets\Droppy\dropper_core\structs.h(1069,25): warning C4028: paramètre formel 6 différent de la déclaration
  custom_win_api.c
C:\Program Files (x86)\Windows Kits\10\Include\10.0.22621.0\shared\minwindef.h(156,29): warning C4142: 'DWORD' : redéfinition bénigne du type
C:\Program Files (x86)\Windows Kits\10\Include\10.0.22621.0\um\winnt.h(3646,1): warning C4391: 'DWORD __segmentlimit(DWORD)' : type de retour incorrect pour la fonction intrinsèque, 'unsigned long' attendu
C:\Program Files (x86)\Windows Kits\10\Include\10.0.22621.0\um\winnt.h(3985,1): warning C4391: 'DWORD __readgsdword(DWORD)' : type de retour incorrect pour la fonction intrinsèque, 'unsigned long' attendu
C:\Program Files (x86)\Windows Kits\10\Include\10.0.22621.0\um\sysinfoapi.h(489,1): warning C4028: paramètre formel 2 différent de la déclaration
C:\Program Files (x86)\Windows Kits\10\Include\10.0.22621.0\shared\wtypesbase.h(156,15): warning C4142: 'ULONG' : redéfinition bénigne du type
C:\Program Files (x86)\Windows Kits\10\Include\10.0.22621.0\shared\winsmcrd.h(36,15): warning C4142: 'ULONG' : redéfinition bénigne du type
C:\Users\lamachin3\Projets\Droppy\dropper_core\structs.h(1069,25): warning C4031: seconde liste de paramètres formels plus longue que la première liste
C:\Users\lamachin3\Projets\Droppy\dropper_core\structs.h(1069,25): warning C4028: paramètre formel 4 différent de la déclaration
C:\Users\lamachin3\Projets\Droppy\dropper_core\structs.h(1069,25): warning C4028: paramètre formel 6 différent de la déclaration
C:\Users\lamachin3\Projets\Droppy\dropper_core\modules\entropy\custom_win_api.c(85,9): warning C4005: 'RAND_MAX' : redéfinition de macro
  entropy.c
  apc_injection.c
C:\Program Files (x86)\Windows Kits\10\Include\10.0.22621.0\shared\minwindef.h(156,29): warning C4142: 'DWORD' : redéfinition bénigne du type
C:\Program Files (x86)\Windows Kits\10\Include\10.0.22621.0\um\winnt.h(3646,1): warning C4391: 'DWORD __segmentlimit(DWORD)' : type de retour incorrect pour la fonction intrinsèque, 'unsigned long' attendu
C:\Program Files (x86)\Windows Kits\10\Include\10.0.22621.0\um\winnt.h(3985,1): warning C4391: 'DWORD __readgsdword(DWORD)' : type de retour incorrect pour la fonction intrinsèque, 'unsigned long' attendu
C:\Program Files (x86)\Windows Kits\10\Include\10.0.22621.0\um\sysinfoapi.h(489,1): warning C4028: paramètre formel 2 différent de la déclaration
C:\Program Files (x86)\Windows Kits\10\Include\10.0.22621.0\shared\wtypesbase.h(156,15): warning C4142: 'ULONG' : redéfinition bénigne du type
C:\Program Files (x86)\Windows Kits\10\Include\10.0.22621.0\shared\winsmcrd.h(36,15): warning C4142: 'ULONG' : redéfinition bénigne du type
C:\Users\lamachin3\Projets\Droppy\dropper_core\structs.h(1069,25): warning C4031: seconde liste de paramètres formels plus longue que la première liste
C:\Users\lamachin3\Projets\Droppy\dropper_core\structs.h(1069,25): warning C4028: paramètre formel 4 différent de la déclaration
C:\Users\lamachin3\Projets\Droppy\dropper_core\structs.h(1069,25): warning C4028: paramètre formel 6 différent de la déclaration
C:\Users\lamachin3\Projets\Droppy\dropper_core\modules\injection\apc_injection.c(28,10): warning C4013: 'payload_loading' non défini(e) ; extern retournant int pris par défaut
C:\Users\lamachin3\Projets\Droppy\dropper_core\modules\injection\apc_injection.c(29,9): warning C4013: 'DebugPrint' non défini(e) ; extern retournant int pris par défaut
C:\Users\lamachin3\Projets\Droppy\dropper_core\modules\injection\apc_injection.c(41,68): warning C4047: 'fonction' : les niveaux d'indirection de 'ULONG' et de 'void *' sont différents
C:\Users\lamachin3\Projets\Droppy\dropper_core\modules\injection\apc_injection.c(41,68): warning C4024: 'pNtQueueApcThread' : types différents pour le paramètre formel et réel 5
C:\Users\lamachin3\Projets\Droppy\dropper_core\modules\injection\apc_injection.c(36,15): warning C4047: 'initialisation' : les niveaux d'indirection de 'NTSTATUS' et de 'void *' sont différents
C:\Users\lamachin3\Projets\Droppy\dropper_core\modules\injection\apc_injection.c(67,119): warning C4047: 'fonction' : les niveaux d'indirection de 'SIZE_T' et de 'void *' sont différents
C:\Users\lamachin3\Projets\Droppy\dropper_core\modules\injection\apc_injection.c(67,119): warning C4024: 'pNtCreateThreadEx' : types différents pour le paramètre formel et réel 8
C:\Users\lamachin3\Projets\Droppy\dropper_core\modules\injection\apc_injection.c(67,125): warning C4047: 'fonction' : les niveaux d'indirection de 'SIZE_T' et de 'void *' sont différents
C:\Users\lamachin3\Projets\Droppy\dropper_core\modules\injection\apc_injection.c(67,125): warning C4024: 'pNtCreateThreadEx' : types différents pour le paramètre formel et réel 9
C:\Users\lamachin3\Projets\Droppy\dropper_core\modules\injection\apc_injection.c(67,131): warning C4047: 'fonction' : les niveaux d'indirection de 'SIZE_T' et de 'void *' sont différents
C:\Users\lamachin3\Projets\Droppy\dropper_core\modules\injection\apc_injection.c(67,131): warning C4024: 'pNtCreateThreadEx' : types différents pour le paramètre formel et réel 10
C:\Users\lamachin3\Projets\Droppy\dropper_core\modules\injection\apc_injection.c(59,11): warning C4047: 'initialisation' : les niveaux d'indirection de 'DWORD' et de 'void *' sont différents
  early_bird_apc_injection.c
C:\Program Files (x86)\Windows Kits\10\Include\10.0.22621.0\shared\minwindef.h(156,29): warning C4142: 'DWORD' : redéfinition bénigne du type
C:\Program Files (x86)\Windows Kits\10\Include\10.0.22621.0\um\winnt.h(3646,1): warning C4391: 'DWORD __segmentlimit(DWORD)' : type de retour incorrect pour la fonction intrinsèque, 'unsigned long' attendu
C:\Program Files (x86)\Windows Kits\10\Include\10.0.22621.0\um\winnt.h(3985,1): warning C4391: 'DWORD __readgsdword(DWORD)' : type de retour incorrect pour la fonction intrinsèque, 'unsigned long' attendu
C:\Program Files (x86)\Windows Kits\10\Include\10.0.22621.0\um\sysinfoapi.h(489,1): warning C4028: paramètre formel 2 différent de la déclaration
C:\Program Files (x86)\Windows Kits\10\Include\10.0.22621.0\shared\wtypesbase.h(156,15): warning C4142: 'ULONG' : redéfinition bénigne du type
C:\Program Files (x86)\Windows Kits\10\Include\10.0.22621.0\shared\winsmcrd.h(36,15): warning C4142: 'ULONG' : redéfinition bénigne du type
C:\Users\lamachin3\Projets\Droppy\dropper_core\structs.h(1069,25): warning C4031: seconde liste de paramètres formels plus longue que la première liste
C:\Users\lamachin3\Projets\Droppy\dropper_core\structs.h(1069,25): warning C4028: paramètre formel 4 différent de la déclaration
C:\Users\lamachin3\Projets\Droppy\dropper_core\structs.h(1069,25): warning C4028: paramètre formel 6 différent de la déclaration
C:\Users\lamachin3\Projets\Droppy\dropper_core\modules\injection\early_bird_apc_injection.c(31,5): warning C4013: 'DebugPrint' non défini(e) ; extern retournant int pris par défaut
C:\Users\lamachin3\Projets\Droppy\dropper_core\modules\injection\early_bird_apc_injection.c(56,22): warning C4047: '!=' : les niveaux d'indirection de 'DWORD' et de 'void *' sont différents
C:\Users\lamachin3\Projets\Droppy\dropper_core\modules\injection\early_bird_apc_injection.c(17,11): warning C4101: 'WnDr' : variable locale non référencée
C:\Users\lamachin3\Projets\Droppy\dropper_core\modules\injection\early_bird_apc_injection.c(79,7): warning C4013: 'payload_loading' non défini(e) ; extern retournant int pris par défaut
C:\Users\lamachin3\Projets\Droppy\dropper_core\modules\injection\early_bird_apc_injection.c(85,38): warning C4113: 'PTHREAD_START_ROUTINE' est différent de 'PAPCFUNC' dans les listes de paramètres
C:\Users\lamachin3\Projets\Droppy\dropper_core\modules\injection\early_bird_apc_injection.c(85,57): warning C4047: 'fonction' : les niveaux d'indirection de 'ULONG_PTR' et de 'void *' sont différents
C:\Users\lamachin3\Projets\Droppy\dropper_core\modules\injection\early_bird_apc_injection.c(85,57): warning C4024: 'QueueUserAPC' : types différents pour le paramètre formel et réel 3
C:\Users\lamachin3\Projets\Droppy\dropper_core\modules\injection\early_bird_apc_injection.c(63,9): warning C4047: 'initialisation' : les niveaux d'indirection de 'DWORD' et de 'void *' sont différents
  injection.c
C:\Program Files (x86)\Windows Kits\10\Include\10.0.22621.0\shared\minwindef.h(156,29): warning C4142: 'DWORD' : redéfinition bénigne du type
C:\Program Files (x86)\Windows Kits\10\Include\10.0.22621.0\um\winnt.h(3646,1): warning C4391: 'DWORD __segmentlimit(DWORD)' : type de retour incorrect pour la fonction intrinsèque, 'unsigned long' attendu
C:\Program Files (x86)\Windows Kits\10\Include\10.0.22621.0\um\winnt.h(3985,1): warning C4391: 'DWORD __readgsdword(DWORD)' : type de retour incorrect pour la fonction intrinsèque, 'unsigned long' attendu
C:\Program Files (x86)\Windows Kits\10\Include\10.0.22621.0\um\sysinfoapi.h(489,1): warning C4028: paramètre formel 2 différent de la déclaration
C:\Program Files (x86)\Windows Kits\10\Include\10.0.22621.0\shared\wtypesbase.h(156,15): warning C4142: 'ULONG' : redéfinition bénigne du type
C:\Program Files (x86)\Windows Kits\10\Include\10.0.22621.0\shared\winsmcrd.h(36,15): warning C4142: 'ULONG' : redéfinition bénigne du type
C:\Users\lamachin3\Projets\Droppy\dropper_core\structs.h(1069,25): warning C4031: seconde liste de paramètres formels plus longue que la première liste
C:\Users\lamachin3\Projets\Droppy\dropper_core\structs.h(1069,25): warning C4028: paramètre formel 4 différent de la déclaration
C:\Users\lamachin3\Projets\Droppy\dropper_core\structs.h(1069,25): warning C4028: paramètre formel 6 différent de la déclaration
C:\Users\lamachin3\Projets\Droppy\dropper_core\modules\injection\injection.c(4,6): warning C4029: la déclaration de la liste de paramètres formels est différente de la définition
C:\Users\lamachin3\Projets\Droppy\dropper_core\modules\injection\injection.c(24,9): warning C4013: 'DebugPrint' non défini(e) ; extern retournant int pris par défaut
  remote_process_injection.c
C:\Program Files (x86)\Windows Kits\10\Include\10.0.22621.0\shared\minwindef.h(156,29): warning C4142: 'DWORD' : redéfinition bénigne du type
C:\Program Files (x86)\Windows Kits\10\Include\10.0.22621.0\um\winnt.h(3646,1): warning C4391: 'DWORD __segmentlimit(DWORD)' : type de retour incorrect pour la fonction intrinsèque, 'unsigned long' attendu
C:\Program Files (x86)\Windows Kits\10\Include\10.0.22621.0\um\winnt.h(3985,1): warning C4391: 'DWORD __readgsdword(DWORD)' : type de retour incorrect pour la fonction intrinsèque, 'unsigned long' attendu
C:\Program Files (x86)\Windows Kits\10\Include\10.0.22621.0\um\sysinfoapi.h(489,1): warning C4028: paramètre formel 2 différent de la déclaration
C:\Program Files (x86)\Windows Kits\10\Include\10.0.22621.0\shared\wtypesbase.h(156,15): warning C4142: 'ULONG' : redéfinition bénigne du type
C:\Program Files (x86)\Windows Kits\10\Include\10.0.22621.0\shared\winsmcrd.h(36,15): warning C4142: 'ULONG' : redéfinition bénigne du type
C:\Users\lamachin3\Projets\Droppy\dropper_core\structs.h(1069,25): warning C4031: seconde liste de paramètres formels plus longue que la première liste
C:\Users\lamachin3\Projets\Droppy\dropper_core\structs.h(1069,25): warning C4028: paramètre formel 4 différent de la déclaration
C:\Users\lamachin3\Projets\Droppy\dropper_core\structs.h(1069,25): warning C4028: paramètre formel 6 différent de la déclaration
C:\Users\lamachin3\Projets\Droppy\dropper_core\modules\injection\remote_process_injection.c(13,5): warning C4013: 'WDebugPrint' non défini(e) ; extern retournant int pris par défaut
C:\Users\lamachin3\Projets\Droppy\dropper_core\modules\injection\remote_process_injection.c(15,7): warning C4013: 'indirectGetRemoteProcessHandle' non défini(e) ; extern retournant int pris par défaut
C:\Users\lamachin3\Projets\Droppy\dropper_core\modules\injection\remote_process_injection.c(16,3): warning C4013: 'DebugPrint' non défini(e) ; extern retournant int pris par défaut
C:\Users\lamachin3\Projets\Droppy\dropper_core\modules\injection\remote_process_injection.c(37,74): warning C4133: 'fonction' : types incompatibles - de 'SIZE_T *' à 'PULONG'
C:\Users\lamachin3\Projets\Droppy\dropper_core\modules\injection\remote_process_injection.c(59,74): warning C4244: 'fonction' : conversion de 'SIZE_T' en 'ULONG', perte possible de données
C:\Users\lamachin3\Projets\Droppy\dropper_core\modules\injection\remote_process_injection.c(59,88): warning C4133: 'fonction' : types incompatibles - de 'SIZE_T *' à 'PULONG'
C:\Users\lamachin3\Projets\Droppy\dropper_core\modules\injection\remote_process_injection.c(85,65): warning C4133: 'fonction' : types incompatibles - de 'SIZE_T *' à 'PULONG'
C:\Users\lamachin3\Projets\Droppy\dropper_core\modules\injection\remote_process_injection.c(113,41): warning C4047: 'fonction' : les niveaux d'indirection de 'SIZE_T' et de 'void *' sont différents
C:\Users\lamachin3\Projets\Droppy\dropper_core\modules\injection\remote_process_injection.c(113,41): warning C4024: 'CreateRemoteThread' : types différents pour le paramètre formel et réel 3
C:\Users\lamachin3\Projets\Droppy\dropper_core\modules\injection\remote_process_injection.c(113,72): warning C4047: 'fonction' : les niveaux d'indirection de 'DWORD' et de 'void *' sont différents
C:\Users\lamachin3\Projets\Droppy\dropper_core\modules\injection\remote_process_injection.c(113,72): warning C4024: 'CreateRemoteThread' : types différents pour le paramètre formel et réel 6
C:\Users\lamachin3\Projets\Droppy\dropper_core\modules\injection\remote_process_injection.c(7,10): warning C4047: 'initialisation' : les niveaux d'indirection de 'SIZE_T' et de 'void *' sont différents
C:\Users\lamachin3\Projets\Droppy\dropper_core\modules\injection\remote_process_injection.c(8,12): warning C4047: 'initialisation' : les niveaux d'indirection de 'DWORD' et de 'void *' sont différents
C:\Users\lamachin3\Projets\Droppy\dropper_core\modules\injection\remote_process_injection.c(9,9): warning C4047: 'initialisation' : les niveaux d'indirection de 'DWORD' et de 'void *' sont différents
C:\Users\lamachin3\Projets\Droppy\dropper_core\modules\injection\remote_process_injection.c(10,11): warning C4047: 'initialisation' : les niveaux d'indirection de 'NTSTATUS' et de 'void *' sont différents
  thread_hijacking.c
  dictionnary_obfuscation.c
  Compilation en cours...
  ipv4_obfuscation.c
C:\Program Files (x86)\Windows Kits\10\Include\10.0.22621.0\shared\minwindef.h(156,29): warning C4142: 'DWORD' : redéfinition bénigne du type
C:\Program Files (x86)\Windows Kits\10\Include\10.0.22621.0\um\winnt.h(3646,1): warning C4391: 'DWORD __segmentlimit(DWORD)' : type de retour incorrect pour la fonction intrinsèque, 'unsigned long' attendu
C:\Program Files (x86)\Windows Kits\10\Include\10.0.22621.0\um\winnt.h(3985,1): warning C4391: 'DWORD __readgsdword(DWORD)' : type de retour incorrect pour la fonction intrinsèque, 'unsigned long' attendu
C:\Program Files (x86)\Windows Kits\10\Include\10.0.22621.0\um\sysinfoapi.h(489,1): warning C4028: paramètre formel 2 différent de la déclaration
C:\Program Files (x86)\Windows Kits\10\Include\10.0.22621.0\shared\wtypesbase.h(156,15): warning C4142: 'ULONG' : redéfinition bénigne du type
C:\Program Files (x86)\Windows Kits\10\Include\10.0.22621.0\shared\winsmcrd.h(36,15): warning C4142: 'ULONG' : redéfinition bénigne du type
C:\Users\lamachin3\Projets\Droppy\dropper_core\structs.h(1069,25): warning C4031: seconde liste de paramètres formels plus longue que la première liste
C:\Users\lamachin3\Projets\Droppy\dropper_core\structs.h(1069,25): warning C4028: paramètre formel 4 différent de la déclaration
C:\Users\lamachin3\Projets\Droppy\dropper_core\structs.h(1069,25): warning C4028: paramètre formel 6 différent de la déclaration
C:\Users\lamachin3\Projets\Droppy\dropper_core\modules\obfuscation\ipv4_obfuscation.c(26,17): warning C4013: 'DebugPrint' non défini(e) ; extern retournant int pris par défaut
C:\Users\lamachin3\Projets\Droppy\dropper_core\modules\obfuscation\ipv4_obfuscation.c(17,25): warning C4047: 'initialisation' : les niveaux d'indirection de 'SIZE_T' et de 'void *' sont différents
C:\Users\lamachin3\Projets\Droppy\dropper_core\modules\obfuscation\ipv4_obfuscation.c(21,25): warning C4047: 'initialisation' : les niveaux d'indirection de 'NTSTATUS' et de 'void *' sont différents
  ipv6_obfuscation.c
C:\Program Files (x86)\Windows Kits\10\Include\10.0.22621.0\shared\minwindef.h(156,29): warning C4142: 'DWORD' : redéfinition bénigne du type
C:\Program Files (x86)\Windows Kits\10\Include\10.0.22621.0\um\winnt.h(3646,1): warning C4391: 'DWORD __segmentlimit(DWORD)' : type de retour incorrect pour la fonction intrinsèque, 'unsigned long' attendu
C:\Program Files (x86)\Windows Kits\10\Include\10.0.22621.0\um\winnt.h(3985,1): warning C4391: 'DWORD __readgsdword(DWORD)' : type de retour incorrect pour la fonction intrinsèque, 'unsigned long' attendu
C:\Program Files (x86)\Windows Kits\10\Include\10.0.22621.0\um\sysinfoapi.h(489,1): warning C4028: paramètre formel 2 différent de la déclaration
C:\Program Files (x86)\Windows Kits\10\Include\10.0.22621.0\shared\wtypesbase.h(156,15): warning C4142: 'ULONG' : redéfinition bénigne du type
C:\Program Files (x86)\Windows Kits\10\Include\10.0.22621.0\shared\winsmcrd.h(36,15): warning C4142: 'ULONG' : redéfinition bénigne du type
C:\Users\lamachin3\Projets\Droppy\dropper_core\structs.h(1069,25): warning C4031: seconde liste de paramètres formels plus longue que la première liste
C:\Users\lamachin3\Projets\Droppy\dropper_core\structs.h(1069,25): warning C4028: paramètre formel 4 différent de la déclaration
C:\Users\lamachin3\Projets\Droppy\dropper_core\structs.h(1069,25): warning C4028: paramètre formel 6 différent de la déclaration
C:\Users\lamachin3\Projets\Droppy\dropper_core\modules\obfuscation\ipv6_obfuscation.c(24,17): warning C4013: 'DebugPrint' non défini(e) ; extern retournant int pris par défaut
C:\Users\lamachin3\Projets\Droppy\dropper_core\modules\obfuscation\ipv6_obfuscation.c(15,25): warning C4047: 'initialisation' : les niveaux d'indirection de 'SIZE_T' et de 'void *' sont différents
C:\Users\lamachin3\Projets\Droppy\dropper_core\modules\obfuscation\ipv6_obfuscation.c(19,25): warning C4047: 'initialisation' : les niveaux d'indirection de 'NTSTATUS' et de 'void *' sont différents
  mac_obfuscation.c
C:\Program Files (x86)\Windows Kits\10\Include\10.0.22621.0\shared\minwindef.h(156,29): warning C4142: 'DWORD' : redéfinition bénigne du type
C:\Program Files (x86)\Windows Kits\10\Include\10.0.22621.0\um\winnt.h(3646,1): warning C4391: 'DWORD __segmentlimit(DWORD)' : type de retour incorrect pour la fonction intrinsèque, 'unsigned long' attendu
C:\Program Files (x86)\Windows Kits\10\Include\10.0.22621.0\um\winnt.h(3985,1): warning C4391: 'DWORD __readgsdword(DWORD)' : type de retour incorrect pour la fonction intrinsèque, 'unsigned long' attendu
C:\Program Files (x86)\Windows Kits\10\Include\10.0.22621.0\um\sysinfoapi.h(489,1): warning C4028: paramètre formel 2 différent de la déclaration
C:\Program Files (x86)\Windows Kits\10\Include\10.0.22621.0\shared\wtypesbase.h(156,15): warning C4142: 'ULONG' : redéfinition bénigne du type
C:\Program Files (x86)\Windows Kits\10\Include\10.0.22621.0\shared\winsmcrd.h(36,15): warning C4142: 'ULONG' : redéfinition bénigne du type
C:\Users\lamachin3\Projets\Droppy\dropper_core\structs.h(1069,25): warning C4031: seconde liste de paramètres formels plus longue que la première liste
C:\Users\lamachin3\Projets\Droppy\dropper_core\structs.h(1069,25): warning C4028: paramètre formel 4 différent de la déclaration
C:\Users\lamachin3\Projets\Droppy\dropper_core\structs.h(1069,25): warning C4028: paramètre formel 6 différent de la déclaration
C:\Users\lamachin3\Projets\Droppy\dropper_core\modules\obfuscation\mac_obfuscation.c(24,17): warning C4013: 'DebugPrint' non défini(e) ; extern retournant int pris par défaut
C:\Users\lamachin3\Projets\Droppy\dropper_core\modules\obfuscation\mac_obfuscation.c(15,25): warning C4047: 'initialisation' : les niveaux d'indirection de 'SIZE_T' et de 'void *' sont différents
C:\Users\lamachin3\Projets\Droppy\dropper_core\modules\obfuscation\mac_obfuscation.c(19,25): warning C4047: 'initialisation' : les niveaux d'indirection de 'NTSTATUS' et de 'void *' sont différents
  obfuscation.c
C:\Program Files (x86)\Windows Kits\10\Include\10.0.22621.0\shared\minwindef.h(156,29): warning C4142: 'DWORD' : redéfinition bénigne du type
C:\Program Files (x86)\Windows Kits\10\Include\10.0.22621.0\um\winnt.h(3646,1): warning C4391: 'DWORD __segmentlimit(DWORD)' : type de retour incorrect pour la fonction intrinsèque, 'unsigned long' attendu
C:\Program Files (x86)\Windows Kits\10\Include\10.0.22621.0\um\winnt.h(3985,1): warning C4391: 'DWORD __readgsdword(DWORD)' : type de retour incorrect pour la fonction intrinsèque, 'unsigned long' attendu
C:\Program Files (x86)\Windows Kits\10\Include\10.0.22621.0\um\sysinfoapi.h(489,1): warning C4028: paramètre formel 2 différent de la déclaration
C:\Program Files (x86)\Windows Kits\10\Include\10.0.22621.0\shared\wtypesbase.h(156,15): warning C4142: 'ULONG' : redéfinition bénigne du type
C:\Program Files (x86)\Windows Kits\10\Include\10.0.22621.0\shared\winsmcrd.h(36,15): warning C4142: 'ULONG' : redéfinition bénigne du type
C:\Users\lamachin3\Projets\Droppy\dropper_core\structs.h(1069,25): warning C4031: seconde liste de paramètres formels plus longue que la première liste
C:\Users\lamachin3\Projets\Droppy\dropper_core\structs.h(1069,25): warning C4028: paramètre formel 4 différent de la déclaration
C:\Users\lamachin3\Projets\Droppy\dropper_core\structs.h(1069,25): warning C4028: paramètre formel 6 différent de la déclaration
  uuid_obfuscation.c
C:\Program Files (x86)\Windows Kits\10\Include\10.0.22621.0\shared\minwindef.h(156,29): warning C4142: 'DWORD' : redéfinition bénigne du type
C:\Program Files (x86)\Windows Kits\10\Include\10.0.22621.0\um\winnt.h(3646,1): warning C4391: 'DWORD __segmentlimit(DWORD)' : type de retour incorrect pour la fonction intrinsèque, 'unsigned long' attendu
C:\Program Files (x86)\Windows Kits\10\Include\10.0.22621.0\um\winnt.h(3985,1): warning C4391: 'DWORD __readgsdword(DWORD)' : type de retour incorrect pour la fonction intrinsèque, 'unsigned long' attendu
C:\Program Files (x86)\Windows Kits\10\Include\10.0.22621.0\um\sysinfoapi.h(489,1): warning C4028: paramètre formel 2 différent de la déclaration
C:\Program Files (x86)\Windows Kits\10\Include\10.0.22621.0\shared\wtypesbase.h(156,15): warning C4142: 'ULONG' : redéfinition bénigne du type
C:\Program Files (x86)\Windows Kits\10\Include\10.0.22621.0\shared\winsmcrd.h(36,15): warning C4142: 'ULONG' : redéfinition bénigne du type
C:\Users\lamachin3\Projets\Droppy\dropper_core\structs.h(1069,25): warning C4031: seconde liste de paramètres formels plus longue que la première liste
C:\Users\lamachin3\Projets\Droppy\dropper_core\structs.h(1069,25): warning C4028: paramètre formel 4 différent de la déclaration
C:\Users\lamachin3\Projets\Droppy\dropper_core\structs.h(1069,25): warning C4028: paramètre formel 6 différent de la déclaration
C:\Users\lamachin3\Projets\Droppy\dropper_core\modules\obfuscation\uuid_obfuscation.c(23,17): warning C4013: 'DebugPrint' non défini(e) ; extern retournant int pris par défaut
C:\Users\lamachin3\Projets\Droppy\dropper_core\modules\obfuscation\uuid_obfuscation.c(14,25): warning C4047: 'initialisation' : les niveaux d'indirection de 'SIZE_T' et de 'void *' sont différents
C:\Users\lamachin3\Projets\Droppy\dropper_core\modules\obfuscation\uuid_obfuscation.c(18,25): warning C4047: 'initialisation' : les niveaux d'indirection de 'NTSTATUS' et de 'void *' sont différents
  file_mapping.c
C:\Users\lamachin3\Projets\Droppy\dropper_core\modules\payload_loading\payload_loading.h(4,10): warning C4067: jetons inattendus après la directive du préprocesseur - saut de ligne attendu
C:\Program Files (x86)\Windows Kits\10\Include\10.0.22621.0\shared\minwindef.h(156,29): warning C4142: 'DWORD' : redéfinition bénigne du type
C:\Program Files (x86)\Windows Kits\10\Include\10.0.22621.0\um\winnt.h(3646,1): warning C4391: 'DWORD __segmentlimit(DWORD)' : type de retour incorrect pour la fonction intrinsèque, 'unsigned long' attendu
C:\Program Files (x86)\Windows Kits\10\Include\10.0.22621.0\um\winnt.h(3985,1): warning C4391: 'DWORD __readgsdword(DWORD)' : type de retour incorrect pour la fonction intrinsèque, 'unsigned long' attendu
C:\Program Files (x86)\Windows Kits\10\Include\10.0.22621.0\um\sysinfoapi.h(489,1): warning C4028: paramètre formel 2 différent de la déclaration
C:\Program Files (x86)\Windows Kits\10\Include\10.0.22621.0\shared\wtypesbase.h(156,15): warning C4142: 'ULONG' : redéfinition bénigne du type
C:\Program Files (x86)\Windows Kits\10\Include\10.0.22621.0\shared\winsmcrd.h(36,15): warning C4142: 'ULONG' : redéfinition bénigne du type
C:\Users\lamachin3\Projets\Droppy\dropper_core\structs.h(1069,25): warning C4031: seconde liste de paramètres formels plus longue que la première liste
C:\Users\lamachin3\Projets\Droppy\dropper_core\structs.h(1069,25): warning C4028: paramètre formel 4 différent de la déclaration
C:\Users\lamachin3\Projets\Droppy\dropper_core\structs.h(1069,25): warning C4028: paramètre formel 6 différent de la déclaration
C:\Users\lamachin3\Projets\Droppy\dropper_core\modules\payload_loading\file_mapping.c(14,81): warning C4047: 'fonction' : les niveaux d'indirection de 'DWORD' et de 'void *' sont différents
C:\Users\lamachin3\Projets\Droppy\dropper_core\modules\payload_loading\file_mapping.c(14,81): warning C4024: 'CreateFileMappingW' : types différents pour le paramètre formel et réel 4
C:\Users\lamachin3\Projets\Droppy\dropper_core\modules\payload_loading\file_mapping.c(14,87): warning C4244: 'fonction' : conversion de 'SIZE_T' en 'DWORD', perte possible de données
C:\Users\lamachin3\Projets\Droppy\dropper_core\modules\payload_loading\file_mapping.c(16,3): warning C4013: 'DebugPrint' non défini(e) ; extern retournant int pris par défaut
C:\Users\lamachin3\Projets\Droppy\dropper_core\modules\payload_loading\file_mapping.c(23,72): warning C4047: 'fonction' : les niveaux d'indirection de 'DWORD' et de 'void *' sont différents
C:\Users\lamachin3\Projets\Droppy\dropper_core\modules\payload_loading\file_mapping.c(23,72): warning C4024: 'MapViewOfFile' : types différents pour le paramètre formel et réel 3
C:\Users\lamachin3\Projets\Droppy\dropper_core\modules\payload_loading\file_mapping.c(23,78): warning C4047: 'fonction' : les niveaux d'indirection de 'DWORD' et de 'void *' sont différents
C:\Users\lamachin3\Projets\Droppy\dropper_core\modules\payload_loading\file_mapping.c(23,78): warning C4024: 'MapViewOfFile' : types différents pour le paramètre formel et réel 4
C:\Users\lamachin3\Projets\Droppy\dropper_core\modules\payload_loading\file_mapping.c(55,10): warning C4013: 'GetRemoteProcessHandle' non défini(e) ; extern retournant int pris par défaut
C:\Users\lamachin3\Projets\Droppy\dropper_core\modules\payload_loading\file_mapping.c(63,80): warning C4047: 'fonction' : les niveaux d'indirection de 'DWORD' et de 'void *' sont différents
C:\Users\lamachin3\Projets\Droppy\dropper_core\modules\payload_loading\file_mapping.c(63,80): warning C4024: 'CreateFileMappingW' : types différents pour le paramètre formel et réel 4
C:\Users\lamachin3\Projets\Droppy\dropper_core\modules\payload_loading\file_mapping.c(63,86): warning C4244: 'fonction' : conversion de 'SIZE_T' en 'DWORD', perte possible de données
C:\Users\lamachin3\Projets\Droppy\dropper_core\modules\payload_loading\file_mapping.c(72,58): warning C4047: 'fonction' : les niveaux d'indirection de 'DWORD' et de 'void *' sont différents
C:\Users\lamachin3\Projets\Droppy\dropper_core\modules\payload_loading\file_mapping.c(72,58): warning C4024: 'MapViewOfFile' : types différents pour le paramètre formel et réel 3
C:\Users\lamachin3\Projets\Droppy\dropper_core\modules\payload_loading\file_mapping.c(72,64): warning C4047: 'fonction' : les niveaux d'indirection de 'DWORD' et de 'void *' sont différents
C:\Users\lamachin3\Projets\Droppy\dropper_core\modules\payload_loading\file_mapping.c(72,64): warning C4024: 'MapViewOfFile' : types différents pour le paramètre formel et réel 4
C:\Users\lamachin3\Projets\Droppy\dropper_core\modules\payload_loading\file_mapping.c(87,54): warning C4047: 'fonction' : les niveaux d'indirection de 'ULONG64' et de 'void *' sont différents
C:\Users\lamachin3\Projets\Droppy\dropper_core\modules\payload_loading\file_mapping.c(87,54): warning C4024: 'MapViewOfFile2' : types différents pour le paramètre formel et réel 3
C:\Users\lamachin3\Projets\Droppy\dropper_core\modules\payload_loading\file_mapping.c(87,66): warning C4047: 'fonction' : les niveaux d'indirection de 'SIZE_T' et de 'void *' sont différents
C:\Users\lamachin3\Projets\Droppy\dropper_core\modules\payload_loading\file_mapping.c(87,66): warning C4024: 'MapViewOfFile2' : types différents pour le paramètre formel et réel 5
C:\Users\lamachin3\Projets\Droppy\dropper_core\modules\payload_loading\file_mapping.c(87,72): warning C4047: 'fonction' : les niveaux d'indirection de 'ULONG' et de 'void *' sont différents
C:\Users\lamachin3\Projets\Droppy\dropper_core\modules\payload_loading\file_mapping.c(87,72): warning C4024: 'MapViewOfFile2' : types différents pour le paramètre formel et réel 6
C:\Users\lamachin3\Projets\Droppy\dropper_core\modules\payload_loading\file_mapping.c(47,12): warning C4047: 'initialisation' : les niveaux d'indirection de 'DWORD' et de 'void *' sont différents
  function_stomping.c
C:\Users\lamachin3\Projets\Droppy\dropper_core\modules\payload_loading\payload_loading.h(4,10): warning C4067: jetons inattendus après la directive du préprocesseur - saut de ligne attendu
C:\Program Files (x86)\Windows Kits\10\Include\10.0.22621.0\shared\minwindef.h(156,29): warning C4142: 'DWORD' : redéfinition bénigne du type
C:\Program Files (x86)\Windows Kits\10\Include\10.0.22621.0\um\winnt.h(3646,1): warning C4391: 'DWORD __segmentlimit(DWORD)' : type de retour incorrect pour la fonction intrinsèque, 'unsigned long' attendu
C:\Program Files (x86)\Windows Kits\10\Include\10.0.22621.0\um\winnt.h(3985,1): warning C4391: 'DWORD __readgsdword(DWORD)' : type de retour incorrect pour la fonction intrinsèque, 'unsigned long' attendu
C:\Program Files (x86)\Windows Kits\10\Include\10.0.22621.0\um\sysinfoapi.h(489,1): warning C4028: paramètre formel 2 différent de la déclaration
C:\Program Files (x86)\Windows Kits\10\Include\10.0.22621.0\shared\wtypesbase.h(156,15): warning C4142: 'ULONG' : redéfinition bénigne du type
C:\Program Files (x86)\Windows Kits\10\Include\10.0.22621.0\shared\winsmcrd.h(36,15): warning C4142: 'ULONG' : redéfinition bénigne du type
C:\Users\lamachin3\Projets\Droppy\dropper_core\structs.h(1069,25): warning C4031: seconde liste de paramètres formels plus longue que la première liste
C:\Users\lamachin3\Projets\Droppy\dropper_core\structs.h(1069,25): warning C4028: paramètre formel 4 différent de la déclaration
C:\Users\lamachin3\Projets\Droppy\dropper_core\structs.h(1069,25): warning C4028: paramètre formel 6 différent de la déclaration
C:\Users\lamachin3\Projets\Droppy\dropper_core\modules\payload_loading\function_stomping.c(13,3): warning C4013: 'DebugPrint' non défini(e) ; extern retournant int pris par défaut
C:\Users\lamachin3\Projets\Droppy\dropper_core\modules\payload_loading\function_stomping.c(9,8): warning C4047: 'initialisation' : les niveaux d'indirection de 'DWORD' et de 'void *' sont différents
C:\Users\lamachin3\Projets\Droppy\dropper_core\modules\payload_loading\function_stomping.c(35,7): warning C4013: 'GetRemoteProcessHandle' non défini(e) ; extern retournant int pris par défaut
C:\Users\lamachin3\Projets\Droppy\dropper_core\modules\payload_loading\function_stomping.c(29,11): warning C4047: 'initialisation' : les niveaux d'indirection de 'DWORD' et de 'void *' sont différents
C:\Users\lamachin3\Projets\Droppy\dropper_core\modules\payload_loading\function_stomping.c(30,9): warning C4047: 'initialisation' : les niveaux d'indirection de 'DWORD' et de 'void *' sont différents
C:\Users\lamachin3\Projets\Droppy\dropper_core\modules\payload_loading\function_stomping.c(31,9): warning C4047: 'initialisation' : les niveaux d'indirection de 'SIZE_T' et de 'void *' sont différents
  in_memory.c
C:\Users\lamachin3\Projets\Droppy\dropper_core\modules\payload_loading\payload_loading.h(4,10): warning C4067: jetons inattendus après la directive du préprocesseur - saut de ligne attendu
C:\Program Files (x86)\Windows Kits\10\Include\10.0.22621.0\shared\minwindef.h(156,29): warning C4142: 'DWORD' : redéfinition bénigne du type
C:\Program Files (x86)\Windows Kits\10\Include\10.0.22621.0\um\winnt.h(3646,1): warning C4391: 'DWORD __segmentlimit(DWORD)' : type de retour incorrect pour la fonction intrinsèque, 'unsigned long' attendu
C:\Program Files (x86)\Windows Kits\10\Include\10.0.22621.0\um\winnt.h(3985,1): warning C4391: 'DWORD __readgsdword(DWORD)' : type de retour incorrect pour la fonction intrinsèque, 'unsigned long' attendu
C:\Program Files (x86)\Windows Kits\10\Include\10.0.22621.0\um\sysinfoapi.h(489,1): warning C4028: paramètre formel 2 différent de la déclaration
C:\Program Files (x86)\Windows Kits\10\Include\10.0.22621.0\shared\wtypesbase.h(156,15): warning C4142: 'ULONG' : redéfinition bénigne du type
C:\Program Files (x86)\Windows Kits\10\Include\10.0.22621.0\shared\winsmcrd.h(36,15): warning C4142: 'ULONG' : redéfinition bénigne du type
C:\Users\lamachin3\Projets\Droppy\dropper_core\structs.h(1069,25): warning C4031: seconde liste de paramètres formels plus longue que la première liste
C:\Users\lamachin3\Projets\Droppy\dropper_core\structs.h(1069,25): warning C4028: paramètre formel 4 différent de la déclaration
C:\Users\lamachin3\Projets\Droppy\dropper_core\structs.h(1069,25): warning C4028: paramètre formel 6 différent de la déclaration
C:\Users\lamachin3\Projets\Droppy\dropper_core\modules\payload_loading\in_memory.c(10,75): warning C4133: 'fonction' : types incompatibles - de 'SIZE_T *' à 'PULONG'
C:\Users\lamachin3\Projets\Droppy\dropper_core\modules\payload_loading\in_memory.c(11,3): warning C4013: 'DebugPrint' non défini(e) ; extern retournant int pris par défaut
C:\Users\lamachin3\Projets\Droppy\dropper_core\modules\payload_loading\in_memory.c(19,71): warning C4133: 'fonction' : types incompatibles - de 'SIZE_T *' à 'PULONG'
C:\Users\lamachin3\Projets\Droppy\dropper_core\modules\payload_loading\in_memory.c(7,11): warning C4047: 'initialisation' : les niveaux d'indirection de 'NTSTATUS' et de 'void *' sont différents
C:\Users\lamachin3\Projets\Droppy\dropper_core\modules\payload_loading\in_memory.c(57,64): warning C4133: 'fonction' : types incompatibles - de 'SIZE_T *' à 'PULONG'
C:\Users\lamachin3\Projets\Droppy\dropper_core\modules\payload_loading\in_memory.c(64,71): warning C4244: 'fonction' : conversion de 'SIZE_T' en 'ULONG', perte possible de données
C:\Users\lamachin3\Projets\Droppy\dropper_core\modules\payload_loading\in_memory.c(64,89): warning C4133: 'fonction' : types incompatibles - de 'SIZE_T *' à 'PULONG'
C:\Users\lamachin3\Projets\Droppy\dropper_core\modules\payload_loading\in_memory.c(71,60): warning C4133: 'fonction' : types incompatibles - de 'SIZE_T *' à 'PULONG'
C:\Users\lamachin3\Projets\Droppy\dropper_core\modules\payload_loading\in_memory.c(50,9): warning C4047: 'initialisation' : les niveaux d'indirection de 'SIZE_T' et de 'void *' sont différents
C:\Users\lamachin3\Projets\Droppy\dropper_core\modules\payload_loading\in_memory.c(51,8): warning C4047: 'initialisation' : les niveaux d'indirection de 'DWORD' et de 'void *' sont différents
C:\Users\lamachin3\Projets\Droppy\dropper_core\modules\payload_loading\in_memory.c(54,11): warning C4047: 'initialisation' : les niveaux d'indirection de 'NTSTATUS' et de 'void *' sont différents
  payload_loading.c
C:\Users\lamachin3\Projets\Droppy\dropper_core\modules\payload_loading\payload_loading.h(4,10): warning C4067: jetons inattendus après la directive du préprocesseur - saut de ligne attendu
C:\Program Files (x86)\Windows Kits\10\Include\10.0.22621.0\shared\minwindef.h(156,29): warning C4142: 'DWORD' : redéfinition bénigne du type
C:\Program Files (x86)\Windows Kits\10\Include\10.0.22621.0\um\winnt.h(3646,1): warning C4391: 'DWORD __segmentlimit(DWORD)' : type de retour incorrect pour la fonction intrinsèque, 'unsigned long' attendu
C:\Program Files (x86)\Windows Kits\10\Include\10.0.22621.0\um\winnt.h(3985,1): warning C4391: 'DWORD __readgsdword(DWORD)' : type de retour incorrect pour la fonction intrinsèque, 'unsigned long' attendu
C:\Program Files (x86)\Windows Kits\10\Include\10.0.22621.0\um\sysinfoapi.h(489,1): warning C4028: paramètre formel 2 différent de la déclaration
C:\Program Files (x86)\Windows Kits\10\Include\10.0.22621.0\shared\wtypesbase.h(156,15): warning C4142: 'ULONG' : redéfinition bénigne du type
C:\Program Files (x86)\Windows Kits\10\Include\10.0.22621.0\shared\winsmcrd.h(36,15): warning C4142: 'ULONG' : redéfinition bénigne du type
C:\Users\lamachin3\Projets\Droppy\dropper_core\structs.h(1069,25): warning C4031: seconde liste de paramètres formels plus longue que la première liste
C:\Users\lamachin3\Projets\Droppy\dropper_core\structs.h(1069,25): warning C4028: paramètre formel 4 différent de la déclaration
C:\Users\lamachin3\Projets\Droppy\dropper_core\structs.h(1069,25): warning C4028: paramètre formel 6 différent de la déclaration
C:\Users\lamachin3\Projets\Droppy\dropper_core\modules\payload_loading\payload_loading.c(33,9): warning C4013: 'DebugPrint' non défini(e) ; extern retournant int pris par défaut
  api_hashing.c
C:\Program Files (x86)\Windows Kits\10\Include\10.0.22621.0\shared\minwindef.h(156,29): warning C4142: 'DWORD' : redéfinition bénigne du type
C:\Program Files (x86)\Windows Kits\10\Include\10.0.22621.0\um\winnt.h(3646,1): warning C4391: 'DWORD __segmentlimit(DWORD)' : type de retour incorrect pour la fonction intrinsèque, 'unsigned long' attendu
C:\Program Files (x86)\Windows Kits\10\Include\10.0.22621.0\um\winnt.h(3985,1): warning C4391: 'DWORD __readgsdword(DWORD)' : type de retour incorrect pour la fonction intrinsèque, 'unsigned long' attendu
C:\Program Files (x86)\Windows Kits\10\Include\10.0.22621.0\um\sysinfoapi.h(489,1): warning C4028: paramètre formel 2 différent de la déclaration
C:\Program Files (x86)\Windows Kits\10\Include\10.0.22621.0\shared\wtypesbase.h(156,15): warning C4142: 'ULONG' : redéfinition bénigne du type
C:\Program Files (x86)\Windows Kits\10\Include\10.0.22621.0\shared\winsmcrd.h(36,15): warning C4142: 'ULONG' : redéfinition bénigne du type
C:\Users\lamachin3\Projets\Droppy\dropper_core\structs.h(1069,25): warning C4031: seconde liste de paramètres formels plus longue que la première liste
C:\Users\lamachin3\Projets\Droppy\dropper_core\structs.h(1069,25): warning C4028: paramètre formel 4 différent de la déclaration
C:\Users\lamachin3\Projets\Droppy\dropper_core\structs.h(1069,25): warning C4028: paramètre formel 6 différent de la déclaration
C:\Users\lamachin3\Projets\Droppy\dropper_core\modules\stealth_techniques\api_hashing.c(32,39): warning C4047: '==' : les niveaux d'indirection de 'DWORD' et de 'void *' sont différents
C:\Users\lamachin3\Projets\Droppy\dropper_core\modules\stealth_techniques\api_hashing.c(73,23): warning C4047: '==' : les niveaux d'indirection de 'DWORD' et de 'void *' sont différents
C:\Users\lamachin3\Projets\Droppy\dropper_core\modules\stealth_techniques\api_hashing.c(87,32): warning C4047: '!=' : les niveaux d'indirection de 'int' et de 'void *' sont différents
C:\Users\lamachin3\Projets\Droppy\dropper_core\modules\stealth_techniques\api_hashing.c(94,33): warning C4013: '_toUpper' non défini(e) ; extern retournant int pris par défaut
  iat_obfuscation.c
  hw_indirect_syscalls.c
C:\Users\lamachin3\Projets\Droppy\dropper_core\structs.h(1069,25): warning C4031: seconde liste de paramètres formels plus longue que la première liste
C:\Users\lamachin3\Projets\Droppy\dropper_core\structs.h(1069,25): warning C4028: paramètre formel 4 différent de la déclaration
C:\Users\lamachin3\Projets\Droppy\dropper_core\structs.h(1069,25): warning C4028: paramètre formel 6 différent de la déclaration
C:\Users\lamachin3\Projets\Droppy\dropper_core\syscalls\hw_indirect_syscalls.c(87,9): warning C4013: 'DebugPrint' non défini(e) ; extern retournant int pris par défaut
C:\Users\lamachin3\Projets\Droppy\dropper_core\syscalls\hw_indirect_syscalls.c(274,38): warning C4244: 'initialisation' : conversion de 'DWORD64' en 'WORD', perte possible de données
  syscalls.c
C:\Program Files (x86)\Windows Kits\10\Include\10.0.22621.0\shared\minwindef.h(156,29): warning C4142: 'DWORD' : redéfinition bénigne du type
C:\Program Files (x86)\Windows Kits\10\Include\10.0.22621.0\um\winnt.h(3646,1): warning C4391: 'DWORD __segmentlimit(DWORD)' : type de retour incorrect pour la fonction intrinsèque, 'unsigned long' attendu
C:\Program Files (x86)\Windows Kits\10\Include\10.0.22621.0\um\winnt.h(3985,1): warning C4391: 'DWORD __readgsdword(DWORD)' : type de retour incorrect pour la fonction intrinsèque, 'unsigned long' attendu
C:\Program Files (x86)\Windows Kits\10\Include\10.0.22621.0\um\sysinfoapi.h(489,1): warning C4028: paramètre formel 2 différent de la déclaration
C:\Program Files (x86)\Windows Kits\10\Include\10.0.22621.0\shared\wtypesbase.h(156,15): warning C4142: 'ULONG' : redéfinition bénigne du type
C:\Program Files (x86)\Windows Kits\10\Include\10.0.22621.0\shared\winsmcrd.h(36,15): warning C4142: 'ULONG' : redéfinition bénigne du type
C:\Users\lamachin3\Projets\Droppy\dropper_core\structs.h(1069,25): warning C4031: seconde liste de paramètres formels plus longue que la première liste
C:\Users\lamachin3\Projets\Droppy\dropper_core\structs.h(1069,25): warning C4028: paramètre formel 4 différent de la déclaration
C:\Users\lamachin3\Projets\Droppy\dropper_core\structs.h(1069,25): warning C4028: paramètre formel 6 différent de la déclaration
C:\Users\lamachin3\Projets\Droppy\dropper_core\syscalls\syscalls.c(7,7): warning C4013: 'DebugPrint' non défini(e) ; extern retournant int pris par défaut
  debug.c
C:\Program Files (x86)\Windows Kits\10\Include\10.0.22621.0\shared\minwindef.h(156,29): warning C4142: 'DWORD' : redéfinition bénigne du type
C:\Program Files (x86)\Windows Kits\10\Include\10.0.22621.0\um\winnt.h(3646,1): warning C4391: 'DWORD __segmentlimit(DWORD)' : type de retour incorrect pour la fonction intrinsèque, 'unsigned long' attendu
C:\Program Files (x86)\Windows Kits\10\Include\10.0.22621.0\um\winnt.h(3985,1): warning C4391: 'DWORD __readgsdword(DWORD)' : type de retour incorrect pour la fonction intrinsèque, 'unsigned long' attendu
C:\Program Files (x86)\Windows Kits\10\Include\10.0.22621.0\um\sysinfoapi.h(489,1): warning C4028: paramètre formel 2 différent de la déclaration
C:\Program Files (x86)\Windows Kits\10\Include\10.0.22621.0\shared\wtypesbase.h(156,15): warning C4142: 'ULONG' : redéfinition bénigne du type
C:\Program Files (x86)\Windows Kits\10\Include\10.0.22621.0\shared\winsmcrd.h(36,15): warning C4142: 'ULONG' : redéfinition bénigne du type
C:\Users\lamachin3\Projets\Droppy\dropper_core\structs.h(1069,25): warning C4031: seconde liste de paramètres formels plus longue que la première liste
C:\Users\lamachin3\Projets\Droppy\dropper_core\structs.h(1069,25): warning C4028: paramètre formel 4 différent de la déclaration
C:\Users\lamachin3\Projets\Droppy\dropper_core\structs.h(1069,25): warning C4028: paramètre formel 6 différent de la déclaration
  utils.c
C:\Program Files (x86)\Windows Kits\10\Include\10.0.22621.0\shared\minwindef.h(156,29): warning C4142: 'DWORD' : redéfinition bénigne du type
C:\Program Files (x86)\Windows Kits\10\Include\10.0.22621.0\um\winnt.h(3646,1): warning C4391: 'DWORD __segmentlimit(DWORD)' : type de retour incorrect pour la fonction intrinsèque, 'unsigned long' attendu
C:\Program Files (x86)\Windows Kits\10\Include\10.0.22621.0\um\winnt.h(3985,1): warning C4391: 'DWORD __readgsdword(DWORD)' : type de retour incorrect pour la fonction intrinsèque, 'unsigned long' attendu
C:\Program Files (x86)\Windows Kits\10\Include\10.0.22621.0\um\sysinfoapi.h(489,1): warning C4028: paramètre formel 2 différent de la déclaration
C:\Program Files (x86)\Windows Kits\10\Include\10.0.22621.0\shared\wtypesbase.h(156,15): warning C4142: 'ULONG' : redéfinition bénigne du type
C:\Program Files (x86)\Windows Kits\10\Include\10.0.22621.0\shared\winsmcrd.h(36,15): warning C4142: 'ULONG' : redéfinition bénigne du type
C:\Users\lamachin3\Projets\Droppy\dropper_core\structs.h(1069,25): warning C4031: seconde liste de paramètres formels plus longue que la première liste
C:\Users\lamachin3\Projets\Droppy\dropper_core\structs.h(1069,25): warning C4028: paramètre formel 4 différent de la déclaration
C:\Users\lamachin3\Projets\Droppy\dropper_core\structs.h(1069,25): warning C4028: paramètre formel 6 différent de la déclaration
C:\Users\lamachin3\Projets\Droppy\dropper_core\utils\utils.c(20,59): warning C4047: 'fonction' : les niveaux d'indirection de 'DWORD' et de 'void *' sont différents
C:\Users\lamachin3\Projets\Droppy\dropper_core\utils\utils.c(20,59): warning C4024: 'CreateToolhelp32Snapshot' : types différents pour le paramètre formel et réel 2
C:\Users\lamachin3\Projets\Droppy\dropper_core\utils\utils.c(23,3): warning C4013: 'DebugPrint' non défini(e) ; extern retournant int pris par défaut
C:\Users\lamachin3\Projets\Droppy\dropper_core\utils\utils.c(79,19): warning C4047: '==' : les niveaux d'indirection de 'DWORD' et de 'void *' sont différents
C:\Users\lamachin3\Projets\Droppy\dropper_core\utils\utils.c(128,9): warning C4133: 'fonction' : types incompatibles - de 'SIZE_T *' à 'PULONG'
C:\Users\lamachin3\Projets\Droppy\dropper_core\utils\utils.c(153,22): warning C4047: '==' : les niveaux d'indirection de 'DWORD' et de 'void *' sont différents
C:\Users\lamachin3\Projets\Droppy\dropper_core\utils\utils.c(189,13): warning C4133: 'fonction' : types incompatibles - de 'SIZE_T *' à 'PULONG'
C:\Users\lamachin3\Projets\Droppy\dropper_core\utils\utils.c(199,26): warning C4047: '!=' : les niveaux d'indirection de 'DWORD' et de 'void *' sont différents
  Génération de code en cours
  Previous IPDB not found, fall back to full compilation.
  All 26 functions were compiled because no usable IPDB/IOBJ from previous compilation was found.
  Fin de la génération du code
  dropper_core.vcxproj -> C:\Users\lamachin3\Projets\Droppy\dropper_core\x64\Release\dropper_core.exe
  'pwsh.exe' n'est pas reconnu en tant que commande interne
  ou externe, un programme exécutable ou un fichier de commandes.
